DEBUG main com.sarm.aussiepayslipgenerator.service.BracketServiceImpl - bracketType : Bracket3
DEBUG main com.sarm.aussiepayslipgenerator.service.BracketServiceImpl - 37001
DEBUG main com.sarm.aussiepayslipgenerator.service.BracketServiceImpl - 80000
DEBUG main com.sarm.aussiepayslipgenerator.service.BracketServiceImpl - 3572
DEBUG main com.sarm.aussiepayslipgenerator.service.BracketServiceImpl - 32.5
DEBUG main com.sarm.aussiepayslipgenerator.service.BracketServiceImpl - 37000
DEBUG main com.sarm.aussiepayslipgenerator.service.BracketServiceImpl - bracketType : Bracket3
DEBUG main com.sarm.aussiepayslipgenerator.service.BracketServiceImpl - 37001
DEBUG main com.sarm.aussiepayslipgenerator.service.BracketServiceImpl - 80000
DEBUG main com.sarm.aussiepayslipgenerator.service.BracketServiceImpl - 3572
DEBUG main com.sarm.aussiepayslipgenerator.service.BracketServiceImpl - 32.5
DEBUG main com.sarm.aussiepayslipgenerator.service.BracketServiceImpl - 37000
DEBUG main com.sarm.aussiepayslipgenerator.service.PaySlipServiceImpl -  rounding off value as float to Int 6285
DEBUG main com.sarm.aussiepayslipgenerator.service.PaySlipServiceImpl - annual salary  75425 divided by 12 6285.416666666667and then rounded off  6285
DEBUG main com.sarm.aussiepayslipgenerator.service.PaySlipServiceImpl -  rounding off value as float to Int 6285
DEBUG main com.sarm.aussiepayslipgenerator.service.PaySlipServiceImpl - annualSalary - bracket.getOver()   38425
DEBUG main com.sarm.aussiepayslipgenerator.service.PaySlipServiceImpl - bracketIncomeTax   12488.125
DEBUG main com.sarm.aussiepayslipgenerator.service.PaySlipServiceImpl -  bracket.getFlat()+bracketIncomeTax   16060.125
DEBUG main com.sarm.aussiepayslipgenerator.service.PaySlipServiceImpl -  Yearly income tax   16060.125
DEBUG main com.sarm.aussiepayslipgenerator.service.PaySlipServiceImpl - Montly income tax   1338.34375
DEBUG main com.sarm.aussiepayslipgenerator.service.PaySlipServiceImpl -  rounding off value as float to Int 1338
DEBUG main com.sarm.aussiepayslipgenerator.service.PaySlipServiceImpl - rounding off 1338
DEBUG main com.sarm.aussiepayslipgenerator.service.PaySlipServiceImpl -  rounding off value as float to Int 1338
DEBUG main com.sarm.aussiepayslipgenerator.service.PaySlipServiceImpl -  rounding off value as float to Int 566
DEBUG main com.sarm.aussiepayslipgenerator.service.PaySlipServiceImpl - Super 566
DEBUG main com.sarm.aussiepayslipgenerator.service.PaySlipServiceImpl -  rounding off value as float to Int 566
DEBUG main com.sarm.aussiepayslipgenerator.service.BracketServiceImpl - bracketType : Bracket2
DEBUG main com.sarm.aussiepayslipgenerator.service.BracketServiceImpl - 18201
DEBUG main com.sarm.aussiepayslipgenerator.service.BracketServiceImpl - 37000
DEBUG main com.sarm.aussiepayslipgenerator.service.BracketServiceImpl - 0
DEBUG main com.sarm.aussiepayslipgenerator.service.BracketServiceImpl - 19
DEBUG main com.sarm.aussiepayslipgenerator.service.BracketServiceImpl - 18200
DEBUG main com.sarm.aussiepayslipgenerator.service.PaySlipServiceImpl -  rounding off value as float to Int 2454
DEBUG main com.sarm.aussiepayslipgenerator.service.PaySlipServiceImpl - annual salary  29452 divided by 12 2454.3333333333335and then rounded off  2454
DEBUG main com.sarm.aussiepayslipgenerator.service.PaySlipServiceImpl -  rounding off value as float to Int 2454
DEBUG main com.sarm.aussiepayslipgenerator.service.PaySlipServiceImpl - annualSalary - bracket.getOver()   11252
DEBUG main com.sarm.aussiepayslipgenerator.service.PaySlipServiceImpl - bracketIncomeTax   2137.88
DEBUG main com.sarm.aussiepayslipgenerator.service.PaySlipServiceImpl -  bracket.getFlat()+bracketIncomeTax   2137.88
DEBUG main com.sarm.aussiepayslipgenerator.service.PaySlipServiceImpl -  Yearly income tax   2137.88
DEBUG main com.sarm.aussiepayslipgenerator.service.PaySlipServiceImpl - Montly income tax   178.15666666666667
DEBUG main com.sarm.aussiepayslipgenerator.service.PaySlipServiceImpl -  rounding off value as float to Int 178
DEBUG main com.sarm.aussiepayslipgenerator.service.PaySlipServiceImpl - rounding off 178
DEBUG main com.sarm.aussiepayslipgenerator.service.PaySlipServiceImpl -  rounding off value as float to Int 178
DEBUG main com.sarm.aussiepayslipgenerator.service.PaySlipServiceImpl -  rounding off value as float to Int 221
DEBUG main com.sarm.aussiepayslipgenerator.service.PaySlipServiceImpl - Super 221
DEBUG main com.sarm.aussiepayslipgenerator.service.PaySlipServiceImpl -  rounding off value as float to Int 221
DEBUG main com.sarm.aussiepayslipgenerator.service.BracketServiceImpl - bracketType : Bracket4
DEBUG main com.sarm.aussiepayslipgenerator.service.BracketServiceImpl - 80001
DEBUG main com.sarm.aussiepayslipgenerator.service.BracketServiceImpl - 180000
DEBUG main com.sarm.aussiepayslipgenerator.service.BracketServiceImpl - 17547
DEBUG main com.sarm.aussiepayslipgenerator.service.BracketServiceImpl - 37
DEBUG main com.sarm.aussiepayslipgenerator.service.BracketServiceImpl - 80000
DEBUG main com.sarm.aussiepayslipgenerator.service.PaySlipServiceImpl -  rounding off value as float to Int 13790
DEBUG main com.sarm.aussiepayslipgenerator.service.PaySlipServiceImpl - annual salary  165482 divided by 12 13790.166666666666and then rounded off  13790
DEBUG main com.sarm.aussiepayslipgenerator.service.PaySlipServiceImpl -  rounding off value as float to Int 13790
DEBUG main com.sarm.aussiepayslipgenerator.service.PaySlipServiceImpl - annualSalary - bracket.getOver()   85482
DEBUG main com.sarm.aussiepayslipgenerator.service.PaySlipServiceImpl - bracketIncomeTax   31628.34
DEBUG main com.sarm.aussiepayslipgenerator.service.PaySlipServiceImpl -  bracket.getFlat()+bracketIncomeTax   49175.34
DEBUG main com.sarm.aussiepayslipgenerator.service.PaySlipServiceImpl -  Yearly income tax   49175.34
DEBUG main com.sarm.aussiepayslipgenerator.service.PaySlipServiceImpl - Montly income tax   4097.945
DEBUG main com.sarm.aussiepayslipgenerator.service.PaySlipServiceImpl -  rounding off value as float to Int 4098
DEBUG main com.sarm.aussiepayslipgenerator.service.PaySlipServiceImpl - rounding off 4098
DEBUG main com.sarm.aussiepayslipgenerator.service.PaySlipServiceImpl -  rounding off value as float to Int 4098
DEBUG main com.sarm.aussiepayslipgenerator.service.PaySlipServiceImpl -  rounding off value as float to Int 1379
DEBUG main com.sarm.aussiepayslipgenerator.service.PaySlipServiceImpl - Super 1379
DEBUG main com.sarm.aussiepayslipgenerator.service.PaySlipServiceImpl -  rounding off value as float to Int 1379
DEBUG main com.sarm.aussiepayslipgenerator.service.BracketServiceImpl - bracketType : Bracket5
DEBUG main com.sarm.aussiepayslipgenerator.service.BracketServiceImpl - 180001
DEBUG main com.sarm.aussiepayslipgenerator.service.BracketServiceImpl - 99999999
DEBUG main com.sarm.aussiepayslipgenerator.service.BracketServiceImpl - 54547
DEBUG main com.sarm.aussiepayslipgenerator.service.BracketServiceImpl - 45
DEBUG main com.sarm.aussiepayslipgenerator.service.BracketServiceImpl - 180000
DEBUG main com.sarm.aussiepayslipgenerator.service.PaySlipServiceImpl -  rounding off value as float to Int 15879
DEBUG main com.sarm.aussiepayslipgenerator.service.PaySlipServiceImpl - annual salary  190548 divided by 12 15879.0and then rounded off  15879
DEBUG main com.sarm.aussiepayslipgenerator.service.PaySlipServiceImpl -  rounding off value as float to Int 15879
DEBUG main com.sarm.aussiepayslipgenerator.service.PaySlipServiceImpl - annualSalary - bracket.getOver()   10548
DEBUG main com.sarm.aussiepayslipgenerator.service.PaySlipServiceImpl - bracketIncomeTax   4746.6
DEBUG main com.sarm.aussiepayslipgenerator.service.PaySlipServiceImpl -  bracket.getFlat()+bracketIncomeTax   59293.6
DEBUG main com.sarm.aussiepayslipgenerator.service.PaySlipServiceImpl -  Yearly income tax   59293.6
DEBUG main com.sarm.aussiepayslipgenerator.service.PaySlipServiceImpl - Montly income tax   4941.133333333333
DEBUG main com.sarm.aussiepayslipgenerator.service.PaySlipServiceImpl -  rounding off value as float to Int 4941
DEBUG main com.sarm.aussiepayslipgenerator.service.PaySlipServiceImpl - rounding off 4941
DEBUG main com.sarm.aussiepayslipgenerator.service.PaySlipServiceImpl -  rounding off value as float to Int 4941
DEBUG main com.sarm.aussiepayslipgenerator.service.PaySlipServiceImpl -  rounding off value as float to Int 1588
DEBUG main com.sarm.aussiepayslipgenerator.service.PaySlipServiceImpl - Super 1588
DEBUG main com.sarm.aussiepayslipgenerator.service.PaySlipServiceImpl -  rounding off value as float to Int 1588
DEBUG main com.sarm.aussiepayslipgenerator.service.BracketServiceImpl - bracketType : Bracket1
DEBUG main com.sarm.aussiepayslipgenerator.service.BracketServiceImpl - 0
DEBUG main com.sarm.aussiepayslipgenerator.service.BracketServiceImpl - 18200
DEBUG main com.sarm.aussiepayslipgenerator.service.BracketServiceImpl - 0
DEBUG main com.sarm.aussiepayslipgenerator.service.BracketServiceImpl - 0
DEBUG main com.sarm.aussiepayslipgenerator.service.BracketServiceImpl - 0
DEBUG main com.sarm.aussiepayslipgenerator.service.PaySlipServiceImpl -  rounding off value as float to Int 1488
DEBUG main com.sarm.aussiepayslipgenerator.service.PaySlipServiceImpl - annual salary  17856 divided by 12 1488.0and then rounded off  1488
DEBUG main com.sarm.aussiepayslipgenerator.service.PaySlipServiceImpl -  rounding off value as float to Int 1488
DEBUG main com.sarm.aussiepayslipgenerator.service.PaySlipServiceImpl - annualSalary - bracket.getOver()   17856
DEBUG main com.sarm.aussiepayslipgenerator.service.PaySlipServiceImpl - bracketIncomeTax   0.0
DEBUG main com.sarm.aussiepayslipgenerator.service.PaySlipServiceImpl -  bracket.getFlat()+bracketIncomeTax   0.0
DEBUG main com.sarm.aussiepayslipgenerator.service.PaySlipServiceImpl -  Yearly income tax   0.0
DEBUG main com.sarm.aussiepayslipgenerator.service.PaySlipServiceImpl - Montly income tax   0.0
DEBUG main com.sarm.aussiepayslipgenerator.service.PaySlipServiceImpl -  rounding off value as float to Int 0
DEBUG main com.sarm.aussiepayslipgenerator.service.PaySlipServiceImpl - rounding off 0
DEBUG main com.sarm.aussiepayslipgenerator.service.PaySlipServiceImpl -  rounding off value as float to Int 0
DEBUG main com.sarm.aussiepayslipgenerator.service.PaySlipServiceImpl -  rounding off value as float to Int 164
DEBUG main com.sarm.aussiepayslipgenerator.service.PaySlipServiceImpl - Super 164
DEBUG main com.sarm.aussiepayslipgenerator.service.PaySlipServiceImpl -  rounding off value as float to Int 164
DEBUG main com.sarm.aussiepayslipgenerator.service.PaySlipServiceImpl -  rounding off value as float to Int 453
DEBUG main com.sarm.aussiepayslipgenerator.service.BracketServiceImpl - bracketType : Bracket3
DEBUG main com.sarm.aussiepayslipgenerator.service.BracketServiceImpl - 37001
DEBUG main com.sarm.aussiepayslipgenerator.service.BracketServiceImpl - 80000
DEBUG main com.sarm.aussiepayslipgenerator.service.BracketServiceImpl - 3572
DEBUG main com.sarm.aussiepayslipgenerator.service.BracketServiceImpl - 32.5
DEBUG main com.sarm.aussiepayslipgenerator.service.BracketServiceImpl - 37000
DEBUG main com.sarm.aussiepayslipgenerator.service.PaySlipServiceImpl - annualSalary - bracket.getOver()   37589
DEBUG main com.sarm.aussiepayslipgenerator.service.PaySlipServiceImpl - bracketIncomeTax   12216.425000000001
DEBUG main com.sarm.aussiepayslipgenerator.service.PaySlipServiceImpl -  bracket.getFlat()+bracketIncomeTax   15788.425000000001
DEBUG main com.sarm.aussiepayslipgenerator.service.PaySlipServiceImpl -  Yearly income tax   15788.425000000001
DEBUG main com.sarm.aussiepayslipgenerator.service.PaySlipServiceImpl - Montly income tax   1315.7020833333333
DEBUG main com.sarm.aussiepayslipgenerator.service.PaySlipServiceImpl -  rounding off value as float to Int 1316
DEBUG main com.sarm.aussiepayslipgenerator.service.PaySlipServiceImpl - rounding off 1316
DEBUG main com.sarm.aussiepayslipgenerator.service.PaySlipServiceImpl -  rounding off value as float to Int 1316
DEBUG main com.sarm.aussiepayslipgenerator.service.PaySlipServiceImpl -  rounding off value as float to Int 6538
DEBUG main com.sarm.aussiepayslipgenerator.service.PaySlipServiceImpl - annual salary  78451 divided by 12 6537.583333333333and then rounded off  6538
DEBUG main com.sarm.aussiepayslipgenerator.service.PaySlipServiceImpl -  rounding off value as float to Int 6538
DEBUG main com.sarm.aussiepayslipgenerator.service.PaySlipServiceImpl -  rounding off value as float to Int 8663
DEBUG main com.sarm.aussiepayslipgenerator.service.PaySlipServiceImpl - Super 8663
DEBUG main com.sarm.aussiepayslipgenerator.service.PaySlipServiceImpl -  rounding off value as float to Int 8663
DEBUG main com.sarm.aussiepayslipgenerator.view.PaySlipController - employeeInfo is not Null
DEBUG main com.sarm.aussiepayslipgenerator.view.PaySlipController - bracket type is   Bracket3
ERROR main com.sarm.aussiepayslipgenerator.view.PaySlipController - paySlip is  not Null
DEBUG main com.sarm.aussiepayslipgenerator.service.BracketServiceImpl - bracketType : Bracket3
DEBUG main com.sarm.aussiepayslipgenerator.service.BracketServiceImpl - 37001
DEBUG main com.sarm.aussiepayslipgenerator.service.BracketServiceImpl - 80000
DEBUG main com.sarm.aussiepayslipgenerator.service.BracketServiceImpl - 3572
DEBUG main com.sarm.aussiepayslipgenerator.service.BracketServiceImpl - 32.5
DEBUG main com.sarm.aussiepayslipgenerator.service.BracketServiceImpl - 37000
DEBUG main com.sarm.aussiepayslipgenerator.service.BracketServiceImpl - bracketType : Bracket4
DEBUG main com.sarm.aussiepayslipgenerator.service.BracketServiceImpl - 80001
DEBUG main com.sarm.aussiepayslipgenerator.service.BracketServiceImpl - 180000
DEBUG main com.sarm.aussiepayslipgenerator.service.BracketServiceImpl - 17547
DEBUG main com.sarm.aussiepayslipgenerator.service.BracketServiceImpl - 37
DEBUG main com.sarm.aussiepayslipgenerator.service.BracketServiceImpl - 80000
DEBUG main com.sarm.aussiepayslipgenerator.service.PaySlipServiceImpl -  rounding off value as float to Int 13790
DEBUG main com.sarm.aussiepayslipgenerator.service.PaySlipServiceImpl - annual salary  165482 divided by 12 13790.166666666666and then rounded off  13790
DEBUG main com.sarm.aussiepayslipgenerator.service.PaySlipServiceImpl -  rounding off value as float to Int 13790
DEBUG main com.sarm.aussiepayslipgenerator.service.PaySlipServiceImpl - annualSalary - bracket.getOver()   85482
DEBUG main com.sarm.aussiepayslipgenerator.service.PaySlipServiceImpl - bracketIncomeTax   31628.34
DEBUG main com.sarm.aussiepayslipgenerator.service.PaySlipServiceImpl -  bracket.getFlat()+bracketIncomeTax   49175.34
DEBUG main com.sarm.aussiepayslipgenerator.service.PaySlipServiceImpl -  Yearly income tax   49175.34
DEBUG main com.sarm.aussiepayslipgenerator.service.PaySlipServiceImpl - Montly income tax   4097.945
DEBUG main com.sarm.aussiepayslipgenerator.service.PaySlipServiceImpl -  rounding off value as float to Int 4098
DEBUG main com.sarm.aussiepayslipgenerator.service.PaySlipServiceImpl - rounding off 4098
DEBUG main com.sarm.aussiepayslipgenerator.service.PaySlipServiceImpl -  rounding off value as float to Int 4098
DEBUG main com.sarm.aussiepayslipgenerator.service.PaySlipServiceImpl -  rounding off value as float to Int 1379
DEBUG main com.sarm.aussiepayslipgenerator.service.PaySlipServiceImpl - Super 1379
DEBUG main com.sarm.aussiepayslipgenerator.service.PaySlipServiceImpl -  rounding off value as float to Int 1379
DEBUG main com.sarm.aussiepayslipgenerator.service.BracketServiceImpl - bracketType : Bracket5
DEBUG main com.sarm.aussiepayslipgenerator.service.BracketServiceImpl - 180001
DEBUG main com.sarm.aussiepayslipgenerator.service.BracketServiceImpl - 99999999
DEBUG main com.sarm.aussiepayslipgenerator.service.BracketServiceImpl - 54547
DEBUG main com.sarm.aussiepayslipgenerator.service.BracketServiceImpl - 45
DEBUG main com.sarm.aussiepayslipgenerator.service.BracketServiceImpl - 180000
DEBUG main com.sarm.aussiepayslipgenerator.service.PaySlipServiceImpl -  rounding off value as float to Int 15879
DEBUG main com.sarm.aussiepayslipgenerator.service.PaySlipServiceImpl - annual salary  190548 divided by 12 15879.0and then rounded off  15879
DEBUG main com.sarm.aussiepayslipgenerator.service.PaySlipServiceImpl -  rounding off value as float to Int 15879
DEBUG main com.sarm.aussiepayslipgenerator.service.PaySlipServiceImpl - annualSalary - bracket.getOver()   10548
DEBUG main com.sarm.aussiepayslipgenerator.service.PaySlipServiceImpl - bracketIncomeTax   4746.6
DEBUG main com.sarm.aussiepayslipgenerator.service.PaySlipServiceImpl -  bracket.getFlat()+bracketIncomeTax   59293.6
DEBUG main com.sarm.aussiepayslipgenerator.service.PaySlipServiceImpl -  Yearly income tax   59293.6
DEBUG main com.sarm.aussiepayslipgenerator.service.PaySlipServiceImpl - Montly income tax   4941.133333333333
DEBUG main com.sarm.aussiepayslipgenerator.service.PaySlipServiceImpl -  rounding off value as float to Int 4941
DEBUG main com.sarm.aussiepayslipgenerator.service.PaySlipServiceImpl - rounding off 4941
DEBUG main com.sarm.aussiepayslipgenerator.service.PaySlipServiceImpl -  rounding off value as float to Int 4941
DEBUG main com.sarm.aussiepayslipgenerator.service.PaySlipServiceImpl -  rounding off value as float to Int 1588
DEBUG main com.sarm.aussiepayslipgenerator.service.PaySlipServiceImpl - Super 1588
DEBUG main com.sarm.aussiepayslipgenerator.service.PaySlipServiceImpl -  rounding off value as float to Int 1588
DEBUG main com.sarm.aussiepayslipgenerator.service.BracketServiceImpl - bracketType : Bracket3
DEBUG main com.sarm.aussiepayslipgenerator.service.BracketServiceImpl - 37001
DEBUG main com.sarm.aussiepayslipgenerator.service.BracketServiceImpl - 80000
DEBUG main com.sarm.aussiepayslipgenerator.service.BracketServiceImpl - 3572
DEBUG main com.sarm.aussiepayslipgenerator.service.BracketServiceImpl - 32.5
DEBUG main com.sarm.aussiepayslipgenerator.service.BracketServiceImpl - 37000
DEBUG main com.sarm.aussiepayslipgenerator.service.PaySlipServiceImpl -  rounding off value as float to Int 6285
DEBUG main com.sarm.aussiepayslipgenerator.service.PaySlipServiceImpl - annual salary  75425 divided by 12 6285.416666666667and then rounded off  6285
DEBUG main com.sarm.aussiepayslipgenerator.service.PaySlipServiceImpl -  rounding off value as float to Int 6285
DEBUG main com.sarm.aussiepayslipgenerator.service.PaySlipServiceImpl - annualSalary - bracket.getOver()   38425
DEBUG main com.sarm.aussiepayslipgenerator.service.PaySlipServiceImpl - bracketIncomeTax   12488.125
DEBUG main com.sarm.aussiepayslipgenerator.service.PaySlipServiceImpl -  bracket.getFlat()+bracketIncomeTax   16060.125
DEBUG main com.sarm.aussiepayslipgenerator.service.PaySlipServiceImpl -  Yearly income tax   16060.125
DEBUG main com.sarm.aussiepayslipgenerator.service.PaySlipServiceImpl - Montly income tax   1338.34375
DEBUG main com.sarm.aussiepayslipgenerator.service.PaySlipServiceImpl -  rounding off value as float to Int 1338
DEBUG main com.sarm.aussiepayslipgenerator.service.PaySlipServiceImpl - rounding off 1338
DEBUG main com.sarm.aussiepayslipgenerator.service.PaySlipServiceImpl -  rounding off value as float to Int 1338
DEBUG main com.sarm.aussiepayslipgenerator.service.PaySlipServiceImpl -  rounding off value as float to Int 566
DEBUG main com.sarm.aussiepayslipgenerator.service.PaySlipServiceImpl - Super 566
DEBUG main com.sarm.aussiepayslipgenerator.service.PaySlipServiceImpl -  rounding off value as float to Int 566
DEBUG main com.sarm.aussiepayslipgenerator.service.BracketServiceImpl - bracketType : Bracket1
DEBUG main com.sarm.aussiepayslipgenerator.service.BracketServiceImpl - 0
DEBUG main com.sarm.aussiepayslipgenerator.service.BracketServiceImpl - 18200
DEBUG main com.sarm.aussiepayslipgenerator.service.BracketServiceImpl - 0
DEBUG main com.sarm.aussiepayslipgenerator.service.BracketServiceImpl - 0
DEBUG main com.sarm.aussiepayslipgenerator.service.BracketServiceImpl - 0
DEBUG main com.sarm.aussiepayslipgenerator.service.PaySlipServiceImpl -  rounding off value as float to Int 1488
DEBUG main com.sarm.aussiepayslipgenerator.service.PaySlipServiceImpl - annual salary  17856 divided by 12 1488.0and then rounded off  1488
DEBUG main com.sarm.aussiepayslipgenerator.service.PaySlipServiceImpl -  rounding off value as float to Int 1488
DEBUG main com.sarm.aussiepayslipgenerator.service.PaySlipServiceImpl - annualSalary - bracket.getOver()   17856
DEBUG main com.sarm.aussiepayslipgenerator.service.PaySlipServiceImpl - bracketIncomeTax   0.0
DEBUG main com.sarm.aussiepayslipgenerator.service.PaySlipServiceImpl -  bracket.getFlat()+bracketIncomeTax   0.0
DEBUG main com.sarm.aussiepayslipgenerator.service.PaySlipServiceImpl -  Yearly income tax   0.0
DEBUG main com.sarm.aussiepayslipgenerator.service.PaySlipServiceImpl - Montly income tax   0.0
DEBUG main com.sarm.aussiepayslipgenerator.service.PaySlipServiceImpl -  rounding off value as float to Int 0
DEBUG main com.sarm.aussiepayslipgenerator.service.PaySlipServiceImpl - rounding off 0
DEBUG main com.sarm.aussiepayslipgenerator.service.PaySlipServiceImpl -  rounding off value as float to Int 0
DEBUG main com.sarm.aussiepayslipgenerator.service.PaySlipServiceImpl -  rounding off value as float to Int 164
DEBUG main com.sarm.aussiepayslipgenerator.service.PaySlipServiceImpl - Super 164
DEBUG main com.sarm.aussiepayslipgenerator.service.PaySlipServiceImpl -  rounding off value as float to Int 164
DEBUG main com.sarm.aussiepayslipgenerator.service.BracketServiceImpl - bracketType : Bracket2
DEBUG main com.sarm.aussiepayslipgenerator.service.BracketServiceImpl - 18201
DEBUG main com.sarm.aussiepayslipgenerator.service.BracketServiceImpl - 37000
DEBUG main com.sarm.aussiepayslipgenerator.service.BracketServiceImpl - 0
DEBUG main com.sarm.aussiepayslipgenerator.service.BracketServiceImpl - 19
DEBUG main com.sarm.aussiepayslipgenerator.service.BracketServiceImpl - 18200
DEBUG main com.sarm.aussiepayslipgenerator.service.PaySlipServiceImpl -  rounding off value as float to Int 2454
DEBUG main com.sarm.aussiepayslipgenerator.service.PaySlipServiceImpl - annual salary  29452 divided by 12 2454.3333333333335and then rounded off  2454
DEBUG main com.sarm.aussiepayslipgenerator.service.PaySlipServiceImpl -  rounding off value as float to Int 2454
DEBUG main com.sarm.aussiepayslipgenerator.service.PaySlipServiceImpl - annualSalary - bracket.getOver()   11252
DEBUG main com.sarm.aussiepayslipgenerator.service.PaySlipServiceImpl - bracketIncomeTax   2137.88
DEBUG main com.sarm.aussiepayslipgenerator.service.PaySlipServiceImpl -  bracket.getFlat()+bracketIncomeTax   2137.88
DEBUG main com.sarm.aussiepayslipgenerator.service.PaySlipServiceImpl -  Yearly income tax   2137.88
DEBUG main com.sarm.aussiepayslipgenerator.service.PaySlipServiceImpl - Montly income tax   178.15666666666667
DEBUG main com.sarm.aussiepayslipgenerator.service.PaySlipServiceImpl -  rounding off value as float to Int 178
DEBUG main com.sarm.aussiepayslipgenerator.service.PaySlipServiceImpl - rounding off 178
DEBUG main com.sarm.aussiepayslipgenerator.service.PaySlipServiceImpl -  rounding off value as float to Int 178
DEBUG main com.sarm.aussiepayslipgenerator.service.PaySlipServiceImpl -  rounding off value as float to Int 221
DEBUG main com.sarm.aussiepayslipgenerator.service.PaySlipServiceImpl - Super 221
DEBUG main com.sarm.aussiepayslipgenerator.service.PaySlipServiceImpl -  rounding off value as float to Int 221
DEBUG main com.sarm.aussiepayslipgenerator.service.PaySlipServiceImpl -  rounding off value as float to Int 453
DEBUG main com.sarm.aussiepayslipgenerator.service.PaySlipServiceImpl -  rounding off value as float to Int 8663
DEBUG main com.sarm.aussiepayslipgenerator.service.PaySlipServiceImpl - Super 8663
DEBUG main com.sarm.aussiepayslipgenerator.service.PaySlipServiceImpl -  rounding off value as float to Int 8663
DEBUG main com.sarm.aussiepayslipgenerator.service.PaySlipServiceImpl -  rounding off value as float to Int 6538
DEBUG main com.sarm.aussiepayslipgenerator.service.PaySlipServiceImpl - annual salary  78451 divided by 12 6537.583333333333and then rounded off  6538
DEBUG main com.sarm.aussiepayslipgenerator.service.PaySlipServiceImpl -  rounding off value as float to Int 6538
DEBUG main com.sarm.aussiepayslipgenerator.service.BracketServiceImpl - bracketType : Bracket3
DEBUG main com.sarm.aussiepayslipgenerator.service.BracketServiceImpl - 37001
DEBUG main com.sarm.aussiepayslipgenerator.service.BracketServiceImpl - 80000
DEBUG main com.sarm.aussiepayslipgenerator.service.BracketServiceImpl - 3572
DEBUG main com.sarm.aussiepayslipgenerator.service.BracketServiceImpl - 32.5
DEBUG main com.sarm.aussiepayslipgenerator.service.BracketServiceImpl - 37000
DEBUG main com.sarm.aussiepayslipgenerator.service.PaySlipServiceImpl - annualSalary - bracket.getOver()   37589
DEBUG main com.sarm.aussiepayslipgenerator.service.PaySlipServiceImpl - bracketIncomeTax   12216.425000000001
DEBUG main com.sarm.aussiepayslipgenerator.service.PaySlipServiceImpl -  bracket.getFlat()+bracketIncomeTax   15788.425000000001
DEBUG main com.sarm.aussiepayslipgenerator.service.PaySlipServiceImpl -  Yearly income tax   15788.425000000001
DEBUG main com.sarm.aussiepayslipgenerator.service.PaySlipServiceImpl - Montly income tax   1315.7020833333333
DEBUG main com.sarm.aussiepayslipgenerator.service.PaySlipServiceImpl -  rounding off value as float to Int 1316
DEBUG main com.sarm.aussiepayslipgenerator.service.PaySlipServiceImpl - rounding off 1316
DEBUG main com.sarm.aussiepayslipgenerator.service.PaySlipServiceImpl -  rounding off value as float to Int 1316
DEBUG main com.sarm.aussiepayslipgenerator.view.PaySlipController - employeeInfo is not Null
DEBUG main com.sarm.aussiepayslipgenerator.view.PaySlipController - bracket type is   Bracket3
ERROR main com.sarm.aussiepayslipgenerator.view.PaySlipController - paySlip is  not Null
DEBUG main com.sarm.aussiepayslipgenerator.service.BracketServiceImpl - bracketType : Bracket3
DEBUG main com.sarm.aussiepayslipgenerator.service.BracketServiceImpl - 37001
DEBUG main com.sarm.aussiepayslipgenerator.service.BracketServiceImpl - 80000
DEBUG main com.sarm.aussiepayslipgenerator.service.BracketServiceImpl - 3572
DEBUG main com.sarm.aussiepayslipgenerator.service.BracketServiceImpl - 32.5
DEBUG main com.sarm.aussiepayslipgenerator.service.BracketServiceImpl - 37000
DEBUG main com.sarm.aussiepayslipgenerator.service.PaySlipServiceImpl -  rounding off value as float to Int 453
DEBUG main com.sarm.aussiepayslipgenerator.service.PaySlipServiceImpl -  rounding off value as float to Int 6538
DEBUG main com.sarm.aussiepayslipgenerator.service.PaySlipServiceImpl - annual salary  78451 divided by 12 6537.583333333333and then rounded off  6538
DEBUG main com.sarm.aussiepayslipgenerator.service.PaySlipServiceImpl -  rounding off value as float to Int 6538
DEBUG main com.sarm.aussiepayslipgenerator.service.BracketServiceImpl - bracketType : Bracket3
DEBUG main com.sarm.aussiepayslipgenerator.service.BracketServiceImpl - 37001
DEBUG main com.sarm.aussiepayslipgenerator.service.BracketServiceImpl - 80000
DEBUG main com.sarm.aussiepayslipgenerator.service.BracketServiceImpl - 3572
DEBUG main com.sarm.aussiepayslipgenerator.service.BracketServiceImpl - 32.5
DEBUG main com.sarm.aussiepayslipgenerator.service.BracketServiceImpl - 37000
DEBUG main com.sarm.aussiepayslipgenerator.service.PaySlipServiceImpl - annualSalary - bracket.getOver()   37589
DEBUG main com.sarm.aussiepayslipgenerator.service.PaySlipServiceImpl - bracketIncomeTax   12216.425000000001
DEBUG main com.sarm.aussiepayslipgenerator.service.PaySlipServiceImpl -  bracket.getFlat()+bracketIncomeTax   15788.425000000001
DEBUG main com.sarm.aussiepayslipgenerator.service.PaySlipServiceImpl -  Yearly income tax   15788.425000000001
DEBUG main com.sarm.aussiepayslipgenerator.service.PaySlipServiceImpl - Montly income tax   1315.7020833333333
DEBUG main com.sarm.aussiepayslipgenerator.service.PaySlipServiceImpl -  rounding off value as float to Int 1316
DEBUG main com.sarm.aussiepayslipgenerator.service.PaySlipServiceImpl - rounding off 1316
DEBUG main com.sarm.aussiepayslipgenerator.service.PaySlipServiceImpl -  rounding off value as float to Int 1316
DEBUG main com.sarm.aussiepayslipgenerator.service.PaySlipServiceImpl -  rounding off value as float to Int 8663
DEBUG main com.sarm.aussiepayslipgenerator.service.PaySlipServiceImpl - Super 8663
DEBUG main com.sarm.aussiepayslipgenerator.service.PaySlipServiceImpl -  rounding off value as float to Int 8663
DEBUG main com.sarm.aussiepayslipgenerator.service.BracketServiceImpl - bracketType : Bracket4
DEBUG main com.sarm.aussiepayslipgenerator.service.BracketServiceImpl - 80001
DEBUG main com.sarm.aussiepayslipgenerator.service.BracketServiceImpl - 180000
DEBUG main com.sarm.aussiepayslipgenerator.service.BracketServiceImpl - 17547
DEBUG main com.sarm.aussiepayslipgenerator.service.BracketServiceImpl - 37
DEBUG main com.sarm.aussiepayslipgenerator.service.BracketServiceImpl - 80000
DEBUG main com.sarm.aussiepayslipgenerator.service.PaySlipServiceImpl -  rounding off value as float to Int 13790
DEBUG main com.sarm.aussiepayslipgenerator.service.PaySlipServiceImpl - annual salary  165482 divided by 12 13790.166666666666and then rounded off  13790
DEBUG main com.sarm.aussiepayslipgenerator.service.PaySlipServiceImpl -  rounding off value as float to Int 13790
DEBUG main com.sarm.aussiepayslipgenerator.service.PaySlipServiceImpl - annualSalary - bracket.getOver()   85482
DEBUG main com.sarm.aussiepayslipgenerator.service.PaySlipServiceImpl - bracketIncomeTax   31628.34
DEBUG main com.sarm.aussiepayslipgenerator.service.PaySlipServiceImpl -  bracket.getFlat()+bracketIncomeTax   49175.34
DEBUG main com.sarm.aussiepayslipgenerator.service.PaySlipServiceImpl -  Yearly income tax   49175.34
DEBUG main com.sarm.aussiepayslipgenerator.service.PaySlipServiceImpl - Montly income tax   4097.945
DEBUG main com.sarm.aussiepayslipgenerator.service.PaySlipServiceImpl -  rounding off value as float to Int 4098
DEBUG main com.sarm.aussiepayslipgenerator.service.PaySlipServiceImpl - rounding off 4098
DEBUG main com.sarm.aussiepayslipgenerator.service.PaySlipServiceImpl -  rounding off value as float to Int 4098
DEBUG main com.sarm.aussiepayslipgenerator.service.PaySlipServiceImpl -  rounding off value as float to Int 1379
DEBUG main com.sarm.aussiepayslipgenerator.service.PaySlipServiceImpl - Super 1379
DEBUG main com.sarm.aussiepayslipgenerator.service.PaySlipServiceImpl -  rounding off value as float to Int 1379
DEBUG main com.sarm.aussiepayslipgenerator.service.BracketServiceImpl - bracketType : Bracket3
DEBUG main com.sarm.aussiepayslipgenerator.service.BracketServiceImpl - 37001
DEBUG main com.sarm.aussiepayslipgenerator.service.BracketServiceImpl - 80000
DEBUG main com.sarm.aussiepayslipgenerator.service.BracketServiceImpl - 3572
DEBUG main com.sarm.aussiepayslipgenerator.service.BracketServiceImpl - 32.5
DEBUG main com.sarm.aussiepayslipgenerator.service.BracketServiceImpl - 37000
DEBUG main com.sarm.aussiepayslipgenerator.service.PaySlipServiceImpl -  rounding off value as float to Int 6285
DEBUG main com.sarm.aussiepayslipgenerator.service.PaySlipServiceImpl - annual salary  75425 divided by 12 6285.416666666667and then rounded off  6285
DEBUG main com.sarm.aussiepayslipgenerator.service.PaySlipServiceImpl -  rounding off value as float to Int 6285
DEBUG main com.sarm.aussiepayslipgenerator.service.PaySlipServiceImpl - annualSalary - bracket.getOver()   38425
DEBUG main com.sarm.aussiepayslipgenerator.service.PaySlipServiceImpl - bracketIncomeTax   12488.125
DEBUG main com.sarm.aussiepayslipgenerator.service.PaySlipServiceImpl -  bracket.getFlat()+bracketIncomeTax   16060.125
DEBUG main com.sarm.aussiepayslipgenerator.service.PaySlipServiceImpl -  Yearly income tax   16060.125
DEBUG main com.sarm.aussiepayslipgenerator.service.PaySlipServiceImpl - Montly income tax   1338.34375
DEBUG main com.sarm.aussiepayslipgenerator.service.PaySlipServiceImpl -  rounding off value as float to Int 1338
DEBUG main com.sarm.aussiepayslipgenerator.service.PaySlipServiceImpl - rounding off 1338
DEBUG main com.sarm.aussiepayslipgenerator.service.PaySlipServiceImpl -  rounding off value as float to Int 1338
DEBUG main com.sarm.aussiepayslipgenerator.service.PaySlipServiceImpl -  rounding off value as float to Int 566
DEBUG main com.sarm.aussiepayslipgenerator.service.PaySlipServiceImpl - Super 566
DEBUG main com.sarm.aussiepayslipgenerator.service.PaySlipServiceImpl -  rounding off value as float to Int 566
DEBUG main com.sarm.aussiepayslipgenerator.service.BracketServiceImpl - bracketType : Bracket1
DEBUG main com.sarm.aussiepayslipgenerator.service.BracketServiceImpl - 0
DEBUG main com.sarm.aussiepayslipgenerator.service.BracketServiceImpl - 18200
DEBUG main com.sarm.aussiepayslipgenerator.service.BracketServiceImpl - 0
DEBUG main com.sarm.aussiepayslipgenerator.service.BracketServiceImpl - 0
DEBUG main com.sarm.aussiepayslipgenerator.service.BracketServiceImpl - 0
DEBUG main com.sarm.aussiepayslipgenerator.service.PaySlipServiceImpl -  rounding off value as float to Int 1488
DEBUG main com.sarm.aussiepayslipgenerator.service.PaySlipServiceImpl - annual salary  17856 divided by 12 1488.0and then rounded off  1488
DEBUG main com.sarm.aussiepayslipgenerator.service.PaySlipServiceImpl -  rounding off value as float to Int 1488
DEBUG main com.sarm.aussiepayslipgenerator.service.PaySlipServiceImpl - annualSalary - bracket.getOver()   17856
DEBUG main com.sarm.aussiepayslipgenerator.service.PaySlipServiceImpl - bracketIncomeTax   0.0
DEBUG main com.sarm.aussiepayslipgenerator.service.PaySlipServiceImpl -  bracket.getFlat()+bracketIncomeTax   0.0
DEBUG main com.sarm.aussiepayslipgenerator.service.PaySlipServiceImpl -  Yearly income tax   0.0
DEBUG main com.sarm.aussiepayslipgenerator.service.PaySlipServiceImpl - Montly income tax   0.0
DEBUG main com.sarm.aussiepayslipgenerator.service.PaySlipServiceImpl -  rounding off value as float to Int 0
DEBUG main com.sarm.aussiepayslipgenerator.service.PaySlipServiceImpl - rounding off 0
DEBUG main com.sarm.aussiepayslipgenerator.service.PaySlipServiceImpl -  rounding off value as float to Int 0
DEBUG main com.sarm.aussiepayslipgenerator.service.PaySlipServiceImpl -  rounding off value as float to Int 164
DEBUG main com.sarm.aussiepayslipgenerator.service.PaySlipServiceImpl - Super 164
DEBUG main com.sarm.aussiepayslipgenerator.service.PaySlipServiceImpl -  rounding off value as float to Int 164
DEBUG main com.sarm.aussiepayslipgenerator.service.BracketServiceImpl - bracketType : Bracket2
DEBUG main com.sarm.aussiepayslipgenerator.service.BracketServiceImpl - 18201
DEBUG main com.sarm.aussiepayslipgenerator.service.BracketServiceImpl - 37000
DEBUG main com.sarm.aussiepayslipgenerator.service.BracketServiceImpl - 0
DEBUG main com.sarm.aussiepayslipgenerator.service.BracketServiceImpl - 19
DEBUG main com.sarm.aussiepayslipgenerator.service.BracketServiceImpl - 18200
DEBUG main com.sarm.aussiepayslipgenerator.service.PaySlipServiceImpl -  rounding off value as float to Int 2454
DEBUG main com.sarm.aussiepayslipgenerator.service.PaySlipServiceImpl - annual salary  29452 divided by 12 2454.3333333333335and then rounded off  2454
DEBUG main com.sarm.aussiepayslipgenerator.service.PaySlipServiceImpl -  rounding off value as float to Int 2454
DEBUG main com.sarm.aussiepayslipgenerator.service.PaySlipServiceImpl - annualSalary - bracket.getOver()   11252
DEBUG main com.sarm.aussiepayslipgenerator.service.PaySlipServiceImpl - bracketIncomeTax   2137.88
DEBUG main com.sarm.aussiepayslipgenerator.service.PaySlipServiceImpl -  bracket.getFlat()+bracketIncomeTax   2137.88
DEBUG main com.sarm.aussiepayslipgenerator.service.PaySlipServiceImpl -  Yearly income tax   2137.88
DEBUG main com.sarm.aussiepayslipgenerator.service.PaySlipServiceImpl - Montly income tax   178.15666666666667
DEBUG main com.sarm.aussiepayslipgenerator.service.PaySlipServiceImpl -  rounding off value as float to Int 178
DEBUG main com.sarm.aussiepayslipgenerator.service.PaySlipServiceImpl - rounding off 178
DEBUG main com.sarm.aussiepayslipgenerator.service.PaySlipServiceImpl -  rounding off value as float to Int 178
DEBUG main com.sarm.aussiepayslipgenerator.service.PaySlipServiceImpl -  rounding off value as float to Int 221
DEBUG main com.sarm.aussiepayslipgenerator.service.PaySlipServiceImpl - Super 221
DEBUG main com.sarm.aussiepayslipgenerator.service.PaySlipServiceImpl -  rounding off value as float to Int 221
DEBUG main com.sarm.aussiepayslipgenerator.service.BracketServiceImpl - bracketType : Bracket5
DEBUG main com.sarm.aussiepayslipgenerator.service.BracketServiceImpl - 180001
DEBUG main com.sarm.aussiepayslipgenerator.service.BracketServiceImpl - 99999999
DEBUG main com.sarm.aussiepayslipgenerator.service.BracketServiceImpl - 54547
DEBUG main com.sarm.aussiepayslipgenerator.service.BracketServiceImpl - 45
DEBUG main com.sarm.aussiepayslipgenerator.service.BracketServiceImpl - 180000
DEBUG main com.sarm.aussiepayslipgenerator.service.PaySlipServiceImpl -  rounding off value as float to Int 15879
DEBUG main com.sarm.aussiepayslipgenerator.service.PaySlipServiceImpl - annual salary  190548 divided by 12 15879.0and then rounded off  15879
DEBUG main com.sarm.aussiepayslipgenerator.service.PaySlipServiceImpl -  rounding off value as float to Int 15879
DEBUG main com.sarm.aussiepayslipgenerator.service.PaySlipServiceImpl - annualSalary - bracket.getOver()   10548
DEBUG main com.sarm.aussiepayslipgenerator.service.PaySlipServiceImpl - bracketIncomeTax   4746.6
DEBUG main com.sarm.aussiepayslipgenerator.service.PaySlipServiceImpl -  bracket.getFlat()+bracketIncomeTax   59293.6
DEBUG main com.sarm.aussiepayslipgenerator.service.PaySlipServiceImpl -  Yearly income tax   59293.6
DEBUG main com.sarm.aussiepayslipgenerator.service.PaySlipServiceImpl - Montly income tax   4941.133333333333
DEBUG main com.sarm.aussiepayslipgenerator.service.PaySlipServiceImpl -  rounding off value as float to Int 4941
DEBUG main com.sarm.aussiepayslipgenerator.service.PaySlipServiceImpl - rounding off 4941
DEBUG main com.sarm.aussiepayslipgenerator.service.PaySlipServiceImpl -  rounding off value as float to Int 4941
DEBUG main com.sarm.aussiepayslipgenerator.service.PaySlipServiceImpl -  rounding off value as float to Int 1588
DEBUG main com.sarm.aussiepayslipgenerator.service.PaySlipServiceImpl - Super 1588
DEBUG main com.sarm.aussiepayslipgenerator.service.PaySlipServiceImpl -  rounding off value as float to Int 1588
DEBUG main com.sarm.aussiepayslipgenerator.view.PaySlipController - employeeInfo is not Null
DEBUG main com.sarm.aussiepayslipgenerator.view.PaySlipController - bracket type is   Bracket3
ERROR main com.sarm.aussiepayslipgenerator.view.PaySlipController - paySlip is  not Null
DEBUG main com.sarm.aussiepayslipgenerator.service.BracketServiceImpl - bracketType : Bracket3
DEBUG main com.sarm.aussiepayslipgenerator.service.BracketServiceImpl - 37001
DEBUG main com.sarm.aussiepayslipgenerator.service.BracketServiceImpl - 80000
DEBUG main com.sarm.aussiepayslipgenerator.service.BracketServiceImpl - 3572
DEBUG main com.sarm.aussiepayslipgenerator.service.BracketServiceImpl - 32.5
DEBUG main com.sarm.aussiepayslipgenerator.service.BracketServiceImpl - 37000
DEBUG main com.sarm.aussiepayslipgenerator.service.PaySlipServiceImpl -  rounding off value as float to Int 6538
DEBUG main com.sarm.aussiepayslipgenerator.service.PaySlipServiceImpl - annual salary  78451 divided by 12 6537.583333333333and then rounded off  6538
DEBUG main com.sarm.aussiepayslipgenerator.service.PaySlipServiceImpl -  rounding off value as float to Int 6538
DEBUG main com.sarm.aussiepayslipgenerator.service.BracketServiceImpl - bracketType : Bracket3
DEBUG main com.sarm.aussiepayslipgenerator.service.BracketServiceImpl - 37001
DEBUG main com.sarm.aussiepayslipgenerator.service.BracketServiceImpl - 80000
DEBUG main com.sarm.aussiepayslipgenerator.service.BracketServiceImpl - 3572
DEBUG main com.sarm.aussiepayslipgenerator.service.BracketServiceImpl - 32.5
DEBUG main com.sarm.aussiepayslipgenerator.service.BracketServiceImpl - 37000
DEBUG main com.sarm.aussiepayslipgenerator.service.PaySlipServiceImpl - annualSalary - bracket.getOver()   37589
DEBUG main com.sarm.aussiepayslipgenerator.service.PaySlipServiceImpl - bracketIncomeTax   12216.425000000001
DEBUG main com.sarm.aussiepayslipgenerator.service.PaySlipServiceImpl -  bracket.getFlat()+bracketIncomeTax   15788.425000000001
DEBUG main com.sarm.aussiepayslipgenerator.service.PaySlipServiceImpl -  Yearly income tax   15788.425000000001
DEBUG main com.sarm.aussiepayslipgenerator.service.PaySlipServiceImpl - Montly income tax   1315.7020833333333
DEBUG main com.sarm.aussiepayslipgenerator.service.PaySlipServiceImpl -  rounding off value as float to Int 1316
DEBUG main com.sarm.aussiepayslipgenerator.service.PaySlipServiceImpl - rounding off 1316
DEBUG main com.sarm.aussiepayslipgenerator.service.PaySlipServiceImpl -  rounding off value as float to Int 1316
DEBUG main com.sarm.aussiepayslipgenerator.service.PaySlipServiceImpl -  rounding off value as float to Int 8663
DEBUG main com.sarm.aussiepayslipgenerator.service.PaySlipServiceImpl - Super 8663
DEBUG main com.sarm.aussiepayslipgenerator.service.PaySlipServiceImpl -  rounding off value as float to Int 8663
DEBUG main com.sarm.aussiepayslipgenerator.service.BracketServiceImpl - bracketType : Bracket1
DEBUG main com.sarm.aussiepayslipgenerator.service.BracketServiceImpl - 0
DEBUG main com.sarm.aussiepayslipgenerator.service.BracketServiceImpl - 18200
DEBUG main com.sarm.aussiepayslipgenerator.service.BracketServiceImpl - 0
DEBUG main com.sarm.aussiepayslipgenerator.service.BracketServiceImpl - 0
DEBUG main com.sarm.aussiepayslipgenerator.service.BracketServiceImpl - 0
DEBUG main com.sarm.aussiepayslipgenerator.service.PaySlipServiceImpl -  rounding off value as float to Int 1488
DEBUG main com.sarm.aussiepayslipgenerator.service.PaySlipServiceImpl - annual salary  17856 divided by 12 1488.0and then rounded off  1488
DEBUG main com.sarm.aussiepayslipgenerator.service.PaySlipServiceImpl -  rounding off value as float to Int 1488
DEBUG main com.sarm.aussiepayslipgenerator.service.PaySlipServiceImpl - annualSalary - bracket.getOver()   17856
DEBUG main com.sarm.aussiepayslipgenerator.service.PaySlipServiceImpl - bracketIncomeTax   0.0
DEBUG main com.sarm.aussiepayslipgenerator.service.PaySlipServiceImpl -  bracket.getFlat()+bracketIncomeTax   0.0
DEBUG main com.sarm.aussiepayslipgenerator.service.PaySlipServiceImpl -  Yearly income tax   0.0
DEBUG main com.sarm.aussiepayslipgenerator.service.PaySlipServiceImpl - Montly income tax   0.0
DEBUG main com.sarm.aussiepayslipgenerator.service.PaySlipServiceImpl -  rounding off value as float to Int 0
DEBUG main com.sarm.aussiepayslipgenerator.service.PaySlipServiceImpl - rounding off 0
DEBUG main com.sarm.aussiepayslipgenerator.service.PaySlipServiceImpl -  rounding off value as float to Int 0
DEBUG main com.sarm.aussiepayslipgenerator.service.PaySlipServiceImpl -  rounding off value as float to Int 164
DEBUG main com.sarm.aussiepayslipgenerator.service.PaySlipServiceImpl - Super 164
DEBUG main com.sarm.aussiepayslipgenerator.service.PaySlipServiceImpl -  rounding off value as float to Int 164
DEBUG main com.sarm.aussiepayslipgenerator.service.BracketServiceImpl - bracketType : Bracket4
DEBUG main com.sarm.aussiepayslipgenerator.service.BracketServiceImpl - 80001
DEBUG main com.sarm.aussiepayslipgenerator.service.BracketServiceImpl - 180000
DEBUG main com.sarm.aussiepayslipgenerator.service.BracketServiceImpl - 17547
DEBUG main com.sarm.aussiepayslipgenerator.service.BracketServiceImpl - 37
DEBUG main com.sarm.aussiepayslipgenerator.service.BracketServiceImpl - 80000
DEBUG main com.sarm.aussiepayslipgenerator.service.PaySlipServiceImpl -  rounding off value as float to Int 13790
DEBUG main com.sarm.aussiepayslipgenerator.service.PaySlipServiceImpl - annual salary  165482 divided by 12 13790.166666666666and then rounded off  13790
DEBUG main com.sarm.aussiepayslipgenerator.service.PaySlipServiceImpl -  rounding off value as float to Int 13790
DEBUG main com.sarm.aussiepayslipgenerator.service.PaySlipServiceImpl - annualSalary - bracket.getOver()   85482
DEBUG main com.sarm.aussiepayslipgenerator.service.PaySlipServiceImpl - bracketIncomeTax   31628.34
DEBUG main com.sarm.aussiepayslipgenerator.service.PaySlipServiceImpl -  bracket.getFlat()+bracketIncomeTax   49175.34
DEBUG main com.sarm.aussiepayslipgenerator.service.PaySlipServiceImpl -  Yearly income tax   49175.34
DEBUG main com.sarm.aussiepayslipgenerator.service.PaySlipServiceImpl - Montly income tax   4097.945
DEBUG main com.sarm.aussiepayslipgenerator.service.PaySlipServiceImpl -  rounding off value as float to Int 4098
DEBUG main com.sarm.aussiepayslipgenerator.service.PaySlipServiceImpl - rounding off 4098
DEBUG main com.sarm.aussiepayslipgenerator.service.PaySlipServiceImpl -  rounding off value as float to Int 4098
DEBUG main com.sarm.aussiepayslipgenerator.service.PaySlipServiceImpl -  rounding off value as float to Int 1379
DEBUG main com.sarm.aussiepayslipgenerator.service.PaySlipServiceImpl - Super 1379
DEBUG main com.sarm.aussiepayslipgenerator.service.PaySlipServiceImpl -  rounding off value as float to Int 1379
DEBUG main com.sarm.aussiepayslipgenerator.service.BracketServiceImpl - bracketType : Bracket2
DEBUG main com.sarm.aussiepayslipgenerator.service.BracketServiceImpl - 18201
DEBUG main com.sarm.aussiepayslipgenerator.service.BracketServiceImpl - 37000
DEBUG main com.sarm.aussiepayslipgenerator.service.BracketServiceImpl - 0
DEBUG main com.sarm.aussiepayslipgenerator.service.BracketServiceImpl - 19
DEBUG main com.sarm.aussiepayslipgenerator.service.BracketServiceImpl - 18200
DEBUG main com.sarm.aussiepayslipgenerator.service.PaySlipServiceImpl -  rounding off value as float to Int 2454
DEBUG main com.sarm.aussiepayslipgenerator.service.PaySlipServiceImpl - annual salary  29452 divided by 12 2454.3333333333335and then rounded off  2454
DEBUG main com.sarm.aussiepayslipgenerator.service.PaySlipServiceImpl -  rounding off value as float to Int 2454
DEBUG main com.sarm.aussiepayslipgenerator.service.PaySlipServiceImpl - annualSalary - bracket.getOver()   11252
DEBUG main com.sarm.aussiepayslipgenerator.service.PaySlipServiceImpl - bracketIncomeTax   2137.88
DEBUG main com.sarm.aussiepayslipgenerator.service.PaySlipServiceImpl -  bracket.getFlat()+bracketIncomeTax   2137.88
DEBUG main com.sarm.aussiepayslipgenerator.service.PaySlipServiceImpl -  Yearly income tax   2137.88
DEBUG main com.sarm.aussiepayslipgenerator.service.PaySlipServiceImpl - Montly income tax   178.15666666666667
DEBUG main com.sarm.aussiepayslipgenerator.service.PaySlipServiceImpl -  rounding off value as float to Int 178
DEBUG main com.sarm.aussiepayslipgenerator.service.PaySlipServiceImpl - rounding off 178
DEBUG main com.sarm.aussiepayslipgenerator.service.PaySlipServiceImpl -  rounding off value as float to Int 178
DEBUG main com.sarm.aussiepayslipgenerator.service.PaySlipServiceImpl -  rounding off value as float to Int 221
DEBUG main com.sarm.aussiepayslipgenerator.service.PaySlipServiceImpl - Super 221
DEBUG main com.sarm.aussiepayslipgenerator.service.PaySlipServiceImpl -  rounding off value as float to Int 221
DEBUG main com.sarm.aussiepayslipgenerator.service.BracketServiceImpl - bracketType : Bracket5
DEBUG main com.sarm.aussiepayslipgenerator.service.BracketServiceImpl - 180001
DEBUG main com.sarm.aussiepayslipgenerator.service.BracketServiceImpl - 99999999
DEBUG main com.sarm.aussiepayslipgenerator.service.BracketServiceImpl - 54547
DEBUG main com.sarm.aussiepayslipgenerator.service.BracketServiceImpl - 45
DEBUG main com.sarm.aussiepayslipgenerator.service.BracketServiceImpl - 180000
DEBUG main com.sarm.aussiepayslipgenerator.service.PaySlipServiceImpl -  rounding off value as float to Int 15879
DEBUG main com.sarm.aussiepayslipgenerator.service.PaySlipServiceImpl - annual salary  190548 divided by 12 15879.0and then rounded off  15879
DEBUG main com.sarm.aussiepayslipgenerator.service.PaySlipServiceImpl -  rounding off value as float to Int 15879
DEBUG main com.sarm.aussiepayslipgenerator.service.PaySlipServiceImpl - annualSalary - bracket.getOver()   10548
DEBUG main com.sarm.aussiepayslipgenerator.service.PaySlipServiceImpl - bracketIncomeTax   4746.6
DEBUG main com.sarm.aussiepayslipgenerator.service.PaySlipServiceImpl -  bracket.getFlat()+bracketIncomeTax   59293.6
DEBUG main com.sarm.aussiepayslipgenerator.service.PaySlipServiceImpl -  Yearly income tax   59293.6
DEBUG main com.sarm.aussiepayslipgenerator.service.PaySlipServiceImpl - Montly income tax   4941.133333333333
DEBUG main com.sarm.aussiepayslipgenerator.service.PaySlipServiceImpl -  rounding off value as float to Int 4941
DEBUG main com.sarm.aussiepayslipgenerator.service.PaySlipServiceImpl - rounding off 4941
DEBUG main com.sarm.aussiepayslipgenerator.service.PaySlipServiceImpl -  rounding off value as float to Int 4941
DEBUG main com.sarm.aussiepayslipgenerator.service.PaySlipServiceImpl -  rounding off value as float to Int 1588
DEBUG main com.sarm.aussiepayslipgenerator.service.PaySlipServiceImpl - Super 1588
DEBUG main com.sarm.aussiepayslipgenerator.service.PaySlipServiceImpl -  rounding off value as float to Int 1588
DEBUG main com.sarm.aussiepayslipgenerator.service.BracketServiceImpl - bracketType : Bracket3
DEBUG main com.sarm.aussiepayslipgenerator.service.BracketServiceImpl - 37001
DEBUG main com.sarm.aussiepayslipgenerator.service.BracketServiceImpl - 80000
DEBUG main com.sarm.aussiepayslipgenerator.service.BracketServiceImpl - 3572
DEBUG main com.sarm.aussiepayslipgenerator.service.BracketServiceImpl - 32.5
DEBUG main com.sarm.aussiepayslipgenerator.service.BracketServiceImpl - 37000
DEBUG main com.sarm.aussiepayslipgenerator.service.PaySlipServiceImpl -  rounding off value as float to Int 6285
DEBUG main com.sarm.aussiepayslipgenerator.service.PaySlipServiceImpl - annual salary  75425 divided by 12 6285.416666666667and then rounded off  6285
DEBUG main com.sarm.aussiepayslipgenerator.service.PaySlipServiceImpl -  rounding off value as float to Int 6285
DEBUG main com.sarm.aussiepayslipgenerator.service.PaySlipServiceImpl - annualSalary - bracket.getOver()   38425
DEBUG main com.sarm.aussiepayslipgenerator.service.PaySlipServiceImpl - bracketIncomeTax   12488.125
DEBUG main com.sarm.aussiepayslipgenerator.service.PaySlipServiceImpl -  bracket.getFlat()+bracketIncomeTax   16060.125
DEBUG main com.sarm.aussiepayslipgenerator.service.PaySlipServiceImpl -  Yearly income tax   16060.125
DEBUG main com.sarm.aussiepayslipgenerator.service.PaySlipServiceImpl - Montly income tax   1338.34375
DEBUG main com.sarm.aussiepayslipgenerator.service.PaySlipServiceImpl -  rounding off value as float to Int 1338
DEBUG main com.sarm.aussiepayslipgenerator.service.PaySlipServiceImpl - rounding off 1338
DEBUG main com.sarm.aussiepayslipgenerator.service.PaySlipServiceImpl -  rounding off value as float to Int 1338
DEBUG main com.sarm.aussiepayslipgenerator.service.PaySlipServiceImpl -  rounding off value as float to Int 566
DEBUG main com.sarm.aussiepayslipgenerator.service.PaySlipServiceImpl - Super 566
DEBUG main com.sarm.aussiepayslipgenerator.service.PaySlipServiceImpl -  rounding off value as float to Int 566
DEBUG main com.sarm.aussiepayslipgenerator.service.PaySlipServiceImpl -  rounding off value as float to Int 453
DEBUG main com.sarm.aussiepayslipgenerator.view.PaySlipController - employeeInfo is not Null
DEBUG main com.sarm.aussiepayslipgenerator.view.PaySlipController - bracket type is   Bracket3
ERROR main com.sarm.aussiepayslipgenerator.view.PaySlipController - paySlip is  not Null
DEBUG main com.sarm.aussiepayslipgenerator.service.BracketServiceImpl - bracketType : Bracket3
DEBUG main com.sarm.aussiepayslipgenerator.service.BracketServiceImpl - 37001
DEBUG main com.sarm.aussiepayslipgenerator.service.BracketServiceImpl - 80000
DEBUG main com.sarm.aussiepayslipgenerator.service.BracketServiceImpl - 3572
DEBUG main com.sarm.aussiepayslipgenerator.service.BracketServiceImpl - 32.5
DEBUG main com.sarm.aussiepayslipgenerator.service.BracketServiceImpl - 37000
DEBUG main com.sarm.aussiepayslipgenerator.service.PaySlipServiceImpl -  rounding off value as float to Int 6538
DEBUG main com.sarm.aussiepayslipgenerator.service.PaySlipServiceImpl - annual salary  78451 divided by 12 6537.583333333333and then rounded off  6538
DEBUG main com.sarm.aussiepayslipgenerator.service.PaySlipServiceImpl -  rounding off value as float to Int 6538
DEBUG main com.sarm.aussiepayslipgenerator.service.BracketServiceImpl - bracketType : Bracket3
DEBUG main com.sarm.aussiepayslipgenerator.service.BracketServiceImpl - 37001
DEBUG main com.sarm.aussiepayslipgenerator.service.BracketServiceImpl - 80000
DEBUG main com.sarm.aussiepayslipgenerator.service.BracketServiceImpl - 3572
DEBUG main com.sarm.aussiepayslipgenerator.service.BracketServiceImpl - 32.5
DEBUG main com.sarm.aussiepayslipgenerator.service.BracketServiceImpl - 37000
DEBUG main com.sarm.aussiepayslipgenerator.service.PaySlipServiceImpl - annualSalary - bracket.getOver()   37589
DEBUG main com.sarm.aussiepayslipgenerator.service.PaySlipServiceImpl - bracketIncomeTax   12216.425000000001
DEBUG main com.sarm.aussiepayslipgenerator.service.PaySlipServiceImpl -  bracket.getFlat()+bracketIncomeTax   15788.425000000001
DEBUG main com.sarm.aussiepayslipgenerator.service.PaySlipServiceImpl -  Yearly income tax   15788.425000000001
DEBUG main com.sarm.aussiepayslipgenerator.service.PaySlipServiceImpl - Montly income tax   1315.7020833333333
DEBUG main com.sarm.aussiepayslipgenerator.service.PaySlipServiceImpl -  rounding off value as float to Int 1316
DEBUG main com.sarm.aussiepayslipgenerator.service.PaySlipServiceImpl - rounding off 1316
DEBUG main com.sarm.aussiepayslipgenerator.service.PaySlipServiceImpl -  rounding off value as float to Int 1316
DEBUG main com.sarm.aussiepayslipgenerator.service.PaySlipServiceImpl -  rounding off value as float to Int 8663
DEBUG main com.sarm.aussiepayslipgenerator.service.PaySlipServiceImpl - Super 8663
DEBUG main com.sarm.aussiepayslipgenerator.service.PaySlipServiceImpl -  rounding off value as float to Int 8663
DEBUG main com.sarm.aussiepayslipgenerator.service.BracketServiceImpl - bracketType : Bracket4
DEBUG main com.sarm.aussiepayslipgenerator.service.BracketServiceImpl - 80001
DEBUG main com.sarm.aussiepayslipgenerator.service.BracketServiceImpl - 180000
DEBUG main com.sarm.aussiepayslipgenerator.service.BracketServiceImpl - 17547
DEBUG main com.sarm.aussiepayslipgenerator.service.BracketServiceImpl - 37
DEBUG main com.sarm.aussiepayslipgenerator.service.BracketServiceImpl - 80000
DEBUG main com.sarm.aussiepayslipgenerator.service.PaySlipServiceImpl -  rounding off value as float to Int 13790
DEBUG main com.sarm.aussiepayslipgenerator.service.PaySlipServiceImpl - annual salary  165482 divided by 12 13790.166666666666and then rounded off  13790
DEBUG main com.sarm.aussiepayslipgenerator.service.PaySlipServiceImpl -  rounding off value as float to Int 13790
DEBUG main com.sarm.aussiepayslipgenerator.service.PaySlipServiceImpl - annualSalary - bracket.getOver()   85482
DEBUG main com.sarm.aussiepayslipgenerator.service.PaySlipServiceImpl - bracketIncomeTax   31628.34
DEBUG main com.sarm.aussiepayslipgenerator.service.PaySlipServiceImpl -  bracket.getFlat()+bracketIncomeTax   49175.34
DEBUG main com.sarm.aussiepayslipgenerator.service.PaySlipServiceImpl -  Yearly income tax   49175.34
DEBUG main com.sarm.aussiepayslipgenerator.service.PaySlipServiceImpl - Montly income tax   4097.945
DEBUG main com.sarm.aussiepayslipgenerator.service.PaySlipServiceImpl -  rounding off value as float to Int 4098
DEBUG main com.sarm.aussiepayslipgenerator.service.PaySlipServiceImpl - rounding off 4098
DEBUG main com.sarm.aussiepayslipgenerator.service.PaySlipServiceImpl -  rounding off value as float to Int 4098
DEBUG main com.sarm.aussiepayslipgenerator.service.PaySlipServiceImpl -  rounding off value as float to Int 1379
DEBUG main com.sarm.aussiepayslipgenerator.service.PaySlipServiceImpl - Super 1379
DEBUG main com.sarm.aussiepayslipgenerator.service.PaySlipServiceImpl -  rounding off value as float to Int 1379
DEBUG main com.sarm.aussiepayslipgenerator.service.BracketServiceImpl - bracketType : Bracket3
DEBUG main com.sarm.aussiepayslipgenerator.service.BracketServiceImpl - 37001
DEBUG main com.sarm.aussiepayslipgenerator.service.BracketServiceImpl - 80000
DEBUG main com.sarm.aussiepayslipgenerator.service.BracketServiceImpl - 3572
DEBUG main com.sarm.aussiepayslipgenerator.service.BracketServiceImpl - 32.5
DEBUG main com.sarm.aussiepayslipgenerator.service.BracketServiceImpl - 37000
DEBUG main com.sarm.aussiepayslipgenerator.service.PaySlipServiceImpl -  rounding off value as float to Int 6285
DEBUG main com.sarm.aussiepayslipgenerator.service.PaySlipServiceImpl - annual salary  75425 divided by 12 6285.416666666667and then rounded off  6285
DEBUG main com.sarm.aussiepayslipgenerator.service.PaySlipServiceImpl -  rounding off value as float to Int 6285
DEBUG main com.sarm.aussiepayslipgenerator.service.PaySlipServiceImpl - annualSalary - bracket.getOver()   38425
DEBUG main com.sarm.aussiepayslipgenerator.service.PaySlipServiceImpl - bracketIncomeTax   12488.125
DEBUG main com.sarm.aussiepayslipgenerator.service.PaySlipServiceImpl -  bracket.getFlat()+bracketIncomeTax   16060.125
DEBUG main com.sarm.aussiepayslipgenerator.service.PaySlipServiceImpl -  Yearly income tax   16060.125
DEBUG main com.sarm.aussiepayslipgenerator.service.PaySlipServiceImpl - Montly income tax   1338.34375
DEBUG main com.sarm.aussiepayslipgenerator.service.PaySlipServiceImpl -  rounding off value as float to Int 1338
DEBUG main com.sarm.aussiepayslipgenerator.service.PaySlipServiceImpl - rounding off 1338
DEBUG main com.sarm.aussiepayslipgenerator.service.PaySlipServiceImpl -  rounding off value as float to Int 1338
DEBUG main com.sarm.aussiepayslipgenerator.service.PaySlipServiceImpl -  rounding off value as float to Int 566
DEBUG main com.sarm.aussiepayslipgenerator.service.PaySlipServiceImpl - Super 566
DEBUG main com.sarm.aussiepayslipgenerator.service.PaySlipServiceImpl -  rounding off value as float to Int 566
DEBUG main com.sarm.aussiepayslipgenerator.service.BracketServiceImpl - bracketType : Bracket5
DEBUG main com.sarm.aussiepayslipgenerator.service.BracketServiceImpl - 180001
DEBUG main com.sarm.aussiepayslipgenerator.service.BracketServiceImpl - 99999999
DEBUG main com.sarm.aussiepayslipgenerator.service.BracketServiceImpl - 54547
DEBUG main com.sarm.aussiepayslipgenerator.service.BracketServiceImpl - 45
DEBUG main com.sarm.aussiepayslipgenerator.service.BracketServiceImpl - 180000
DEBUG main com.sarm.aussiepayslipgenerator.service.PaySlipServiceImpl -  rounding off value as float to Int 15879
DEBUG main com.sarm.aussiepayslipgenerator.service.PaySlipServiceImpl - annual salary  190548 divided by 12 15879.0and then rounded off  15879
DEBUG main com.sarm.aussiepayslipgenerator.service.PaySlipServiceImpl -  rounding off value as float to Int 15879
DEBUG main com.sarm.aussiepayslipgenerator.service.PaySlipServiceImpl - annualSalary - bracket.getOver()   10548
DEBUG main com.sarm.aussiepayslipgenerator.service.PaySlipServiceImpl - bracketIncomeTax   4746.6
DEBUG main com.sarm.aussiepayslipgenerator.service.PaySlipServiceImpl -  bracket.getFlat()+bracketIncomeTax   59293.6
DEBUG main com.sarm.aussiepayslipgenerator.service.PaySlipServiceImpl -  Yearly income tax   59293.6
DEBUG main com.sarm.aussiepayslipgenerator.service.PaySlipServiceImpl - Montly income tax   4941.133333333333
DEBUG main com.sarm.aussiepayslipgenerator.service.PaySlipServiceImpl -  rounding off value as float to Int 4941
DEBUG main com.sarm.aussiepayslipgenerator.service.PaySlipServiceImpl - rounding off 4941
DEBUG main com.sarm.aussiepayslipgenerator.service.PaySlipServiceImpl -  rounding off value as float to Int 4941
DEBUG main com.sarm.aussiepayslipgenerator.service.PaySlipServiceImpl -  rounding off value as float to Int 1588
DEBUG main com.sarm.aussiepayslipgenerator.service.PaySlipServiceImpl - Super 1588
DEBUG main com.sarm.aussiepayslipgenerator.service.PaySlipServiceImpl -  rounding off value as float to Int 1588
DEBUG main com.sarm.aussiepayslipgenerator.service.BracketServiceImpl - bracketType : Bracket1
DEBUG main com.sarm.aussiepayslipgenerator.service.BracketServiceImpl - 0
DEBUG main com.sarm.aussiepayslipgenerator.service.BracketServiceImpl - 18200
DEBUG main com.sarm.aussiepayslipgenerator.service.BracketServiceImpl - 0
DEBUG main com.sarm.aussiepayslipgenerator.service.BracketServiceImpl - 0
DEBUG main com.sarm.aussiepayslipgenerator.service.BracketServiceImpl - 0
DEBUG main com.sarm.aussiepayslipgenerator.service.PaySlipServiceImpl -  rounding off value as float to Int 1488
DEBUG main com.sarm.aussiepayslipgenerator.service.PaySlipServiceImpl - annual salary  17856 divided by 12 1488.0and then rounded off  1488
DEBUG main com.sarm.aussiepayslipgenerator.service.PaySlipServiceImpl -  rounding off value as float to Int 1488
DEBUG main com.sarm.aussiepayslipgenerator.service.PaySlipServiceImpl - annualSalary - bracket.getOver()   17856
DEBUG main com.sarm.aussiepayslipgenerator.service.PaySlipServiceImpl - bracketIncomeTax   0.0
DEBUG main com.sarm.aussiepayslipgenerator.service.PaySlipServiceImpl -  bracket.getFlat()+bracketIncomeTax   0.0
DEBUG main com.sarm.aussiepayslipgenerator.service.PaySlipServiceImpl -  Yearly income tax   0.0
DEBUG main com.sarm.aussiepayslipgenerator.service.PaySlipServiceImpl - Montly income tax   0.0
DEBUG main com.sarm.aussiepayslipgenerator.service.PaySlipServiceImpl -  rounding off value as float to Int 0
DEBUG main com.sarm.aussiepayslipgenerator.service.PaySlipServiceImpl - rounding off 0
DEBUG main com.sarm.aussiepayslipgenerator.service.PaySlipServiceImpl -  rounding off value as float to Int 0
DEBUG main com.sarm.aussiepayslipgenerator.service.PaySlipServiceImpl -  rounding off value as float to Int 164
DEBUG main com.sarm.aussiepayslipgenerator.service.PaySlipServiceImpl - Super 164
DEBUG main com.sarm.aussiepayslipgenerator.service.PaySlipServiceImpl -  rounding off value as float to Int 164
DEBUG main com.sarm.aussiepayslipgenerator.service.BracketServiceImpl - bracketType : Bracket2
DEBUG main com.sarm.aussiepayslipgenerator.service.BracketServiceImpl - 18201
DEBUG main com.sarm.aussiepayslipgenerator.service.BracketServiceImpl - 37000
DEBUG main com.sarm.aussiepayslipgenerator.service.BracketServiceImpl - 0
DEBUG main com.sarm.aussiepayslipgenerator.service.BracketServiceImpl - 19
DEBUG main com.sarm.aussiepayslipgenerator.service.BracketServiceImpl - 18200
DEBUG main com.sarm.aussiepayslipgenerator.service.PaySlipServiceImpl -  rounding off value as float to Int 2454
DEBUG main com.sarm.aussiepayslipgenerator.service.PaySlipServiceImpl - annual salary  29452 divided by 12 2454.3333333333335and then rounded off  2454
DEBUG main com.sarm.aussiepayslipgenerator.service.PaySlipServiceImpl -  rounding off value as float to Int 2454
DEBUG main com.sarm.aussiepayslipgenerator.service.PaySlipServiceImpl - annualSalary - bracket.getOver()   11252
DEBUG main com.sarm.aussiepayslipgenerator.service.PaySlipServiceImpl - bracketIncomeTax   2137.88
DEBUG main com.sarm.aussiepayslipgenerator.service.PaySlipServiceImpl -  bracket.getFlat()+bracketIncomeTax   2137.88
DEBUG main com.sarm.aussiepayslipgenerator.service.PaySlipServiceImpl -  Yearly income tax   2137.88
DEBUG main com.sarm.aussiepayslipgenerator.service.PaySlipServiceImpl - Montly income tax   178.15666666666667
DEBUG main com.sarm.aussiepayslipgenerator.service.PaySlipServiceImpl -  rounding off value as float to Int 178
DEBUG main com.sarm.aussiepayslipgenerator.service.PaySlipServiceImpl - rounding off 178
DEBUG main com.sarm.aussiepayslipgenerator.service.PaySlipServiceImpl -  rounding off value as float to Int 178
DEBUG main com.sarm.aussiepayslipgenerator.service.PaySlipServiceImpl -  rounding off value as float to Int 221
DEBUG main com.sarm.aussiepayslipgenerator.service.PaySlipServiceImpl - Super 221
DEBUG main com.sarm.aussiepayslipgenerator.service.PaySlipServiceImpl -  rounding off value as float to Int 221
DEBUG main com.sarm.aussiepayslipgenerator.service.PaySlipServiceImpl -  rounding off value as float to Int 453
DEBUG main com.sarm.aussiepayslipgenerator.view.PaySlipController - employeeInfo is not Null
DEBUG main com.sarm.aussiepayslipgenerator.view.PaySlipController - bracket type is   Bracket3
ERROR main com.sarm.aussiepayslipgenerator.view.PaySlipController - paySlip is  not Null
DEBUG main com.sarm.aussiepayslipgenerator.service.BracketServiceImpl - bracketType : Bracket3
DEBUG main com.sarm.aussiepayslipgenerator.service.BracketServiceImpl - 37001
DEBUG main com.sarm.aussiepayslipgenerator.service.BracketServiceImpl - 80000
DEBUG main com.sarm.aussiepayslipgenerator.service.BracketServiceImpl - 3572
DEBUG main com.sarm.aussiepayslipgenerator.service.BracketServiceImpl - 32.5
DEBUG main com.sarm.aussiepayslipgenerator.service.BracketServiceImpl - 37000
DEBUG main com.sarm.aussiepayslipgenerator.service.PaySlipServiceImpl -  rounding off value as float to Int 453
DEBUG main com.sarm.aussiepayslipgenerator.service.BracketServiceImpl - bracketType : Bracket5
DEBUG main com.sarm.aussiepayslipgenerator.service.BracketServiceImpl - 180001
DEBUG main com.sarm.aussiepayslipgenerator.service.BracketServiceImpl - 99999999
DEBUG main com.sarm.aussiepayslipgenerator.service.BracketServiceImpl - 54547
DEBUG main com.sarm.aussiepayslipgenerator.service.BracketServiceImpl - 45
DEBUG main com.sarm.aussiepayslipgenerator.service.BracketServiceImpl - 180000
DEBUG main com.sarm.aussiepayslipgenerator.service.PaySlipServiceImpl -  rounding off value as float to Int 15879
DEBUG main com.sarm.aussiepayslipgenerator.service.PaySlipServiceImpl - annual salary  190548 divided by 12 15879.0and then rounded off  15879
DEBUG main com.sarm.aussiepayslipgenerator.service.PaySlipServiceImpl -  rounding off value as float to Int 15879
DEBUG main com.sarm.aussiepayslipgenerator.service.PaySlipServiceImpl - annualSalary - bracket.getOver()   10548
DEBUG main com.sarm.aussiepayslipgenerator.service.PaySlipServiceImpl - bracketIncomeTax   4746.6
DEBUG main com.sarm.aussiepayslipgenerator.service.PaySlipServiceImpl -  bracket.getFlat()+bracketIncomeTax   59293.6
DEBUG main com.sarm.aussiepayslipgenerator.service.PaySlipServiceImpl -  Yearly income tax   59293.6
DEBUG main com.sarm.aussiepayslipgenerator.service.PaySlipServiceImpl - Montly income tax   4941.133333333333
DEBUG main com.sarm.aussiepayslipgenerator.service.PaySlipServiceImpl -  rounding off value as float to Int 4941
DEBUG main com.sarm.aussiepayslipgenerator.service.PaySlipServiceImpl - rounding off 4941
DEBUG main com.sarm.aussiepayslipgenerator.service.PaySlipServiceImpl -  rounding off value as float to Int 4941
DEBUG main com.sarm.aussiepayslipgenerator.service.PaySlipServiceImpl -  rounding off value as float to Int 1588
DEBUG main com.sarm.aussiepayslipgenerator.service.PaySlipServiceImpl - Super 1588
DEBUG main com.sarm.aussiepayslipgenerator.service.PaySlipServiceImpl -  rounding off value as float to Int 1588
DEBUG main com.sarm.aussiepayslipgenerator.service.BracketServiceImpl - bracketType : Bracket1
DEBUG main com.sarm.aussiepayslipgenerator.service.BracketServiceImpl - 0
DEBUG main com.sarm.aussiepayslipgenerator.service.BracketServiceImpl - 18200
DEBUG main com.sarm.aussiepayslipgenerator.service.BracketServiceImpl - 0
DEBUG main com.sarm.aussiepayslipgenerator.service.BracketServiceImpl - 0
DEBUG main com.sarm.aussiepayslipgenerator.service.BracketServiceImpl - 0
DEBUG main com.sarm.aussiepayslipgenerator.service.PaySlipServiceImpl -  rounding off value as float to Int 1488
DEBUG main com.sarm.aussiepayslipgenerator.service.PaySlipServiceImpl - annual salary  17856 divided by 12 1488.0and then rounded off  1488
DEBUG main com.sarm.aussiepayslipgenerator.service.PaySlipServiceImpl -  rounding off value as float to Int 1488
DEBUG main com.sarm.aussiepayslipgenerator.service.PaySlipServiceImpl - annualSalary - bracket.getOver()   17856
DEBUG main com.sarm.aussiepayslipgenerator.service.PaySlipServiceImpl - bracketIncomeTax   0.0
DEBUG main com.sarm.aussiepayslipgenerator.service.PaySlipServiceImpl -  bracket.getFlat()+bracketIncomeTax   0.0
DEBUG main com.sarm.aussiepayslipgenerator.service.PaySlipServiceImpl -  Yearly income tax   0.0
DEBUG main com.sarm.aussiepayslipgenerator.service.PaySlipServiceImpl - Montly income tax   0.0
DEBUG main com.sarm.aussiepayslipgenerator.service.PaySlipServiceImpl -  rounding off value as float to Int 0
DEBUG main com.sarm.aussiepayslipgenerator.service.PaySlipServiceImpl - rounding off 0
DEBUG main com.sarm.aussiepayslipgenerator.service.PaySlipServiceImpl -  rounding off value as float to Int 0
DEBUG main com.sarm.aussiepayslipgenerator.service.PaySlipServiceImpl -  rounding off value as float to Int 164
DEBUG main com.sarm.aussiepayslipgenerator.service.PaySlipServiceImpl - Super 164
DEBUG main com.sarm.aussiepayslipgenerator.service.PaySlipServiceImpl -  rounding off value as float to Int 164
DEBUG main com.sarm.aussiepayslipgenerator.service.BracketServiceImpl - bracketType : Bracket2
DEBUG main com.sarm.aussiepayslipgenerator.service.BracketServiceImpl - 18201
DEBUG main com.sarm.aussiepayslipgenerator.service.BracketServiceImpl - 37000
DEBUG main com.sarm.aussiepayslipgenerator.service.BracketServiceImpl - 0
DEBUG main com.sarm.aussiepayslipgenerator.service.BracketServiceImpl - 19
DEBUG main com.sarm.aussiepayslipgenerator.service.BracketServiceImpl - 18200
DEBUG main com.sarm.aussiepayslipgenerator.service.PaySlipServiceImpl -  rounding off value as float to Int 2454
DEBUG main com.sarm.aussiepayslipgenerator.service.PaySlipServiceImpl - annual salary  29452 divided by 12 2454.3333333333335and then rounded off  2454
DEBUG main com.sarm.aussiepayslipgenerator.service.PaySlipServiceImpl -  rounding off value as float to Int 2454
DEBUG main com.sarm.aussiepayslipgenerator.service.PaySlipServiceImpl - annualSalary - bracket.getOver()   11252
DEBUG main com.sarm.aussiepayslipgenerator.service.PaySlipServiceImpl - bracketIncomeTax   2137.88
DEBUG main com.sarm.aussiepayslipgenerator.service.PaySlipServiceImpl -  bracket.getFlat()+bracketIncomeTax   2137.88
DEBUG main com.sarm.aussiepayslipgenerator.service.PaySlipServiceImpl -  Yearly income tax   2137.88
DEBUG main com.sarm.aussiepayslipgenerator.service.PaySlipServiceImpl - Montly income tax   178.15666666666667
DEBUG main com.sarm.aussiepayslipgenerator.service.PaySlipServiceImpl -  rounding off value as float to Int 178
DEBUG main com.sarm.aussiepayslipgenerator.service.PaySlipServiceImpl - rounding off 178
DEBUG main com.sarm.aussiepayslipgenerator.service.PaySlipServiceImpl -  rounding off value as float to Int 178
DEBUG main com.sarm.aussiepayslipgenerator.service.PaySlipServiceImpl -  rounding off value as float to Int 221
DEBUG main com.sarm.aussiepayslipgenerator.service.PaySlipServiceImpl - Super 221
DEBUG main com.sarm.aussiepayslipgenerator.service.PaySlipServiceImpl -  rounding off value as float to Int 221
DEBUG main com.sarm.aussiepayslipgenerator.service.BracketServiceImpl - bracketType : Bracket4
DEBUG main com.sarm.aussiepayslipgenerator.service.BracketServiceImpl - 80001
DEBUG main com.sarm.aussiepayslipgenerator.service.BracketServiceImpl - 180000
DEBUG main com.sarm.aussiepayslipgenerator.service.BracketServiceImpl - 17547
DEBUG main com.sarm.aussiepayslipgenerator.service.BracketServiceImpl - 37
DEBUG main com.sarm.aussiepayslipgenerator.service.BracketServiceImpl - 80000
DEBUG main com.sarm.aussiepayslipgenerator.service.PaySlipServiceImpl -  rounding off value as float to Int 13790
DEBUG main com.sarm.aussiepayslipgenerator.service.PaySlipServiceImpl - annual salary  165482 divided by 12 13790.166666666666and then rounded off  13790
DEBUG main com.sarm.aussiepayslipgenerator.service.PaySlipServiceImpl -  rounding off value as float to Int 13790
DEBUG main com.sarm.aussiepayslipgenerator.service.PaySlipServiceImpl - annualSalary - bracket.getOver()   85482
DEBUG main com.sarm.aussiepayslipgenerator.service.PaySlipServiceImpl - bracketIncomeTax   31628.34
DEBUG main com.sarm.aussiepayslipgenerator.service.PaySlipServiceImpl -  bracket.getFlat()+bracketIncomeTax   49175.34
DEBUG main com.sarm.aussiepayslipgenerator.service.PaySlipServiceImpl -  Yearly income tax   49175.34
DEBUG main com.sarm.aussiepayslipgenerator.service.PaySlipServiceImpl - Montly income tax   4097.945
DEBUG main com.sarm.aussiepayslipgenerator.service.PaySlipServiceImpl -  rounding off value as float to Int 4098
DEBUG main com.sarm.aussiepayslipgenerator.service.PaySlipServiceImpl - rounding off 4098
DEBUG main com.sarm.aussiepayslipgenerator.service.PaySlipServiceImpl -  rounding off value as float to Int 4098
DEBUG main com.sarm.aussiepayslipgenerator.service.PaySlipServiceImpl -  rounding off value as float to Int 1379
DEBUG main com.sarm.aussiepayslipgenerator.service.PaySlipServiceImpl - Super 1379
DEBUG main com.sarm.aussiepayslipgenerator.service.PaySlipServiceImpl -  rounding off value as float to Int 1379
DEBUG main com.sarm.aussiepayslipgenerator.service.BracketServiceImpl - bracketType : Bracket3
DEBUG main com.sarm.aussiepayslipgenerator.service.BracketServiceImpl - 37001
DEBUG main com.sarm.aussiepayslipgenerator.service.BracketServiceImpl - 80000
DEBUG main com.sarm.aussiepayslipgenerator.service.BracketServiceImpl - 3572
DEBUG main com.sarm.aussiepayslipgenerator.service.BracketServiceImpl - 32.5
DEBUG main com.sarm.aussiepayslipgenerator.service.BracketServiceImpl - 37000
DEBUG main com.sarm.aussiepayslipgenerator.service.PaySlipServiceImpl -  rounding off value as float to Int 6285
DEBUG main com.sarm.aussiepayslipgenerator.service.PaySlipServiceImpl - annual salary  75425 divided by 12 6285.416666666667and then rounded off  6285
DEBUG main com.sarm.aussiepayslipgenerator.service.PaySlipServiceImpl -  rounding off value as float to Int 6285
DEBUG main com.sarm.aussiepayslipgenerator.service.PaySlipServiceImpl - annualSalary - bracket.getOver()   38425
DEBUG main com.sarm.aussiepayslipgenerator.service.PaySlipServiceImpl - bracketIncomeTax   12488.125
DEBUG main com.sarm.aussiepayslipgenerator.service.PaySlipServiceImpl -  bracket.getFlat()+bracketIncomeTax   16060.125
DEBUG main com.sarm.aussiepayslipgenerator.service.PaySlipServiceImpl -  Yearly income tax   16060.125
DEBUG main com.sarm.aussiepayslipgenerator.service.PaySlipServiceImpl - Montly income tax   1338.34375
DEBUG main com.sarm.aussiepayslipgenerator.service.PaySlipServiceImpl -  rounding off value as float to Int 1338
DEBUG main com.sarm.aussiepayslipgenerator.service.PaySlipServiceImpl - rounding off 1338
DEBUG main com.sarm.aussiepayslipgenerator.service.PaySlipServiceImpl -  rounding off value as float to Int 1338
DEBUG main com.sarm.aussiepayslipgenerator.service.PaySlipServiceImpl -  rounding off value as float to Int 566
DEBUG main com.sarm.aussiepayslipgenerator.service.PaySlipServiceImpl - Super 566
DEBUG main com.sarm.aussiepayslipgenerator.service.PaySlipServiceImpl -  rounding off value as float to Int 566
DEBUG main com.sarm.aussiepayslipgenerator.service.PaySlipServiceImpl -  rounding off value as float to Int 6538
DEBUG main com.sarm.aussiepayslipgenerator.service.PaySlipServiceImpl - annual salary  78451 divided by 12 6537.583333333333and then rounded off  6538
DEBUG main com.sarm.aussiepayslipgenerator.service.PaySlipServiceImpl -  rounding off value as float to Int 6538
DEBUG main com.sarm.aussiepayslipgenerator.service.PaySlipServiceImpl -  rounding off value as float to Int 8663
DEBUG main com.sarm.aussiepayslipgenerator.service.PaySlipServiceImpl - Super 8663
DEBUG main com.sarm.aussiepayslipgenerator.service.PaySlipServiceImpl -  rounding off value as float to Int 8663
DEBUG main com.sarm.aussiepayslipgenerator.service.BracketServiceImpl - bracketType : Bracket3
DEBUG main com.sarm.aussiepayslipgenerator.service.BracketServiceImpl - 37001
DEBUG main com.sarm.aussiepayslipgenerator.service.BracketServiceImpl - 80000
DEBUG main com.sarm.aussiepayslipgenerator.service.BracketServiceImpl - 3572
DEBUG main com.sarm.aussiepayslipgenerator.service.BracketServiceImpl - 32.5
DEBUG main com.sarm.aussiepayslipgenerator.service.BracketServiceImpl - 37000
DEBUG main com.sarm.aussiepayslipgenerator.service.PaySlipServiceImpl - annualSalary - bracket.getOver()   37589
DEBUG main com.sarm.aussiepayslipgenerator.service.PaySlipServiceImpl - bracketIncomeTax   12216.425000000001
DEBUG main com.sarm.aussiepayslipgenerator.service.PaySlipServiceImpl -  bracket.getFlat()+bracketIncomeTax   15788.425000000001
DEBUG main com.sarm.aussiepayslipgenerator.service.PaySlipServiceImpl -  Yearly income tax   15788.425000000001
DEBUG main com.sarm.aussiepayslipgenerator.service.PaySlipServiceImpl - Montly income tax   1315.7020833333333
DEBUG main com.sarm.aussiepayslipgenerator.service.PaySlipServiceImpl -  rounding off value as float to Int 1316
DEBUG main com.sarm.aussiepayslipgenerator.service.PaySlipServiceImpl - rounding off 1316
DEBUG main com.sarm.aussiepayslipgenerator.service.PaySlipServiceImpl -  rounding off value as float to Int 1316
DEBUG main com.sarm.aussiepayslipgenerator.view.PaySlipController - employeeInfo is not Null
DEBUG main com.sarm.aussiepayslipgenerator.view.PaySlipController - bracket type is   Bracket3
ERROR main com.sarm.aussiepayslipgenerator.view.PaySlipController - paySlip is  not Null
DEBUG main com.sarm.aussiepayslipgenerator.service.BracketServiceImpl - bracketType : Bracket3
DEBUG main com.sarm.aussiepayslipgenerator.service.BracketServiceImpl - 37001
DEBUG main com.sarm.aussiepayslipgenerator.service.BracketServiceImpl - 80000
DEBUG main com.sarm.aussiepayslipgenerator.service.BracketServiceImpl - 3572
DEBUG main com.sarm.aussiepayslipgenerator.service.BracketServiceImpl - 32.5
DEBUG main com.sarm.aussiepayslipgenerator.service.BracketServiceImpl - 37000
DEBUG main com.sarm.aussiepayslipgenerator.service.BracketServiceImpl - bracketType : Bracket1
DEBUG main com.sarm.aussiepayslipgenerator.service.BracketServiceImpl - 0
DEBUG main com.sarm.aussiepayslipgenerator.service.BracketServiceImpl - 18200
DEBUG main com.sarm.aussiepayslipgenerator.service.BracketServiceImpl - 0
DEBUG main com.sarm.aussiepayslipgenerator.service.BracketServiceImpl - 0
DEBUG main com.sarm.aussiepayslipgenerator.service.BracketServiceImpl - 0
DEBUG main com.sarm.aussiepayslipgenerator.service.PaySlipServiceImpl -  rounding off value as float to Int 1488
DEBUG main com.sarm.aussiepayslipgenerator.service.PaySlipServiceImpl - annual salary  17856 divided by 12 1488.0and then rounded off  1488
DEBUG main com.sarm.aussiepayslipgenerator.service.PaySlipServiceImpl -  rounding off value as float to Int 1488
DEBUG main com.sarm.aussiepayslipgenerator.service.PaySlipServiceImpl - annualSalary - bracket.getOver()   17856
DEBUG main com.sarm.aussiepayslipgenerator.service.PaySlipServiceImpl - bracketIncomeTax   0.0
DEBUG main com.sarm.aussiepayslipgenerator.service.PaySlipServiceImpl -  bracket.getFlat()+bracketIncomeTax   0.0
DEBUG main com.sarm.aussiepayslipgenerator.service.PaySlipServiceImpl -  Yearly income tax   0.0
DEBUG main com.sarm.aussiepayslipgenerator.service.PaySlipServiceImpl - Montly income tax   0.0
DEBUG main com.sarm.aussiepayslipgenerator.service.PaySlipServiceImpl -  rounding off value as float to Int 0
DEBUG main com.sarm.aussiepayslipgenerator.service.PaySlipServiceImpl - rounding off 0
DEBUG main com.sarm.aussiepayslipgenerator.service.PaySlipServiceImpl -  rounding off value as float to Int 0
DEBUG main com.sarm.aussiepayslipgenerator.service.PaySlipServiceImpl -  rounding off value as float to Int 164
DEBUG main com.sarm.aussiepayslipgenerator.service.PaySlipServiceImpl - Super 164
DEBUG main com.sarm.aussiepayslipgenerator.service.PaySlipServiceImpl -  rounding off value as float to Int 164
DEBUG main com.sarm.aussiepayslipgenerator.service.BracketServiceImpl - bracketType : Bracket3
DEBUG main com.sarm.aussiepayslipgenerator.service.BracketServiceImpl - 37001
DEBUG main com.sarm.aussiepayslipgenerator.service.BracketServiceImpl - 80000
DEBUG main com.sarm.aussiepayslipgenerator.service.BracketServiceImpl - 3572
DEBUG main com.sarm.aussiepayslipgenerator.service.BracketServiceImpl - 32.5
DEBUG main com.sarm.aussiepayslipgenerator.service.BracketServiceImpl - 37000
DEBUG main com.sarm.aussiepayslipgenerator.service.PaySlipServiceImpl -  rounding off value as float to Int 6285
DEBUG main com.sarm.aussiepayslipgenerator.service.PaySlipServiceImpl - annual salary  75425 divided by 12 6285.416666666667and then rounded off  6285
DEBUG main com.sarm.aussiepayslipgenerator.service.PaySlipServiceImpl -  rounding off value as float to Int 6285
DEBUG main com.sarm.aussiepayslipgenerator.service.PaySlipServiceImpl - annualSalary - bracket.getOver()   38425
DEBUG main com.sarm.aussiepayslipgenerator.service.PaySlipServiceImpl - bracketIncomeTax   12488.125
DEBUG main com.sarm.aussiepayslipgenerator.service.PaySlipServiceImpl -  bracket.getFlat()+bracketIncomeTax   16060.125
DEBUG main com.sarm.aussiepayslipgenerator.service.PaySlipServiceImpl -  Yearly income tax   16060.125
DEBUG main com.sarm.aussiepayslipgenerator.service.PaySlipServiceImpl - Montly income tax   1338.34375
DEBUG main com.sarm.aussiepayslipgenerator.service.PaySlipServiceImpl -  rounding off value as float to Int 1338
DEBUG main com.sarm.aussiepayslipgenerator.service.PaySlipServiceImpl - rounding off 1338
DEBUG main com.sarm.aussiepayslipgenerator.service.PaySlipServiceImpl -  rounding off value as float to Int 1338
DEBUG main com.sarm.aussiepayslipgenerator.service.PaySlipServiceImpl -  rounding off value as float to Int 566
DEBUG main com.sarm.aussiepayslipgenerator.service.PaySlipServiceImpl - Super 566
DEBUG main com.sarm.aussiepayslipgenerator.service.PaySlipServiceImpl -  rounding off value as float to Int 566
DEBUG main com.sarm.aussiepayslipgenerator.service.BracketServiceImpl - bracketType : Bracket2
DEBUG main com.sarm.aussiepayslipgenerator.service.BracketServiceImpl - 18201
DEBUG main com.sarm.aussiepayslipgenerator.service.BracketServiceImpl - 37000
DEBUG main com.sarm.aussiepayslipgenerator.service.BracketServiceImpl - 0
DEBUG main com.sarm.aussiepayslipgenerator.service.BracketServiceImpl - 19
DEBUG main com.sarm.aussiepayslipgenerator.service.BracketServiceImpl - 18200
DEBUG main com.sarm.aussiepayslipgenerator.service.PaySlipServiceImpl -  rounding off value as float to Int 2454
DEBUG main com.sarm.aussiepayslipgenerator.service.PaySlipServiceImpl - annual salary  29452 divided by 12 2454.3333333333335and then rounded off  2454
DEBUG main com.sarm.aussiepayslipgenerator.service.PaySlipServiceImpl -  rounding off value as float to Int 2454
DEBUG main com.sarm.aussiepayslipgenerator.service.PaySlipServiceImpl - annualSalary - bracket.getOver()   11252
DEBUG main com.sarm.aussiepayslipgenerator.service.PaySlipServiceImpl - bracketIncomeTax   2137.88
DEBUG main com.sarm.aussiepayslipgenerator.service.PaySlipServiceImpl -  bracket.getFlat()+bracketIncomeTax   2137.88
DEBUG main com.sarm.aussiepayslipgenerator.service.PaySlipServiceImpl -  Yearly income tax   2137.88
DEBUG main com.sarm.aussiepayslipgenerator.service.PaySlipServiceImpl - Montly income tax   178.15666666666667
DEBUG main com.sarm.aussiepayslipgenerator.service.PaySlipServiceImpl -  rounding off value as float to Int 178
DEBUG main com.sarm.aussiepayslipgenerator.service.PaySlipServiceImpl - rounding off 178
DEBUG main com.sarm.aussiepayslipgenerator.service.PaySlipServiceImpl -  rounding off value as float to Int 178
DEBUG main com.sarm.aussiepayslipgenerator.service.PaySlipServiceImpl -  rounding off value as float to Int 221
DEBUG main com.sarm.aussiepayslipgenerator.service.PaySlipServiceImpl - Super 221
DEBUG main com.sarm.aussiepayslipgenerator.service.PaySlipServiceImpl -  rounding off value as float to Int 221
DEBUG main com.sarm.aussiepayslipgenerator.service.BracketServiceImpl - bracketType : Bracket5
DEBUG main com.sarm.aussiepayslipgenerator.service.BracketServiceImpl - 180001
DEBUG main com.sarm.aussiepayslipgenerator.service.BracketServiceImpl - 99999999
DEBUG main com.sarm.aussiepayslipgenerator.service.BracketServiceImpl - 54547
DEBUG main com.sarm.aussiepayslipgenerator.service.BracketServiceImpl - 45
DEBUG main com.sarm.aussiepayslipgenerator.service.BracketServiceImpl - 180000
DEBUG main com.sarm.aussiepayslipgenerator.service.PaySlipServiceImpl -  rounding off value as float to Int 15879
DEBUG main com.sarm.aussiepayslipgenerator.service.PaySlipServiceImpl - annual salary  190548 divided by 12 15879.0and then rounded off  15879
DEBUG main com.sarm.aussiepayslipgenerator.service.PaySlipServiceImpl -  rounding off value as float to Int 15879
DEBUG main com.sarm.aussiepayslipgenerator.service.PaySlipServiceImpl - annualSalary - bracket.getOver()   10548
DEBUG main com.sarm.aussiepayslipgenerator.service.PaySlipServiceImpl - bracketIncomeTax   4746.6
DEBUG main com.sarm.aussiepayslipgenerator.service.PaySlipServiceImpl -  bracket.getFlat()+bracketIncomeTax   59293.6
DEBUG main com.sarm.aussiepayslipgenerator.service.PaySlipServiceImpl -  Yearly income tax   59293.6
DEBUG main com.sarm.aussiepayslipgenerator.service.PaySlipServiceImpl - Montly income tax   4941.133333333333
DEBUG main com.sarm.aussiepayslipgenerator.service.PaySlipServiceImpl -  rounding off value as float to Int 4941
DEBUG main com.sarm.aussiepayslipgenerator.service.PaySlipServiceImpl - rounding off 4941
DEBUG main com.sarm.aussiepayslipgenerator.service.PaySlipServiceImpl -  rounding off value as float to Int 4941
DEBUG main com.sarm.aussiepayslipgenerator.service.PaySlipServiceImpl -  rounding off value as float to Int 1588
DEBUG main com.sarm.aussiepayslipgenerator.service.PaySlipServiceImpl - Super 1588
DEBUG main com.sarm.aussiepayslipgenerator.service.PaySlipServiceImpl -  rounding off value as float to Int 1588
DEBUG main com.sarm.aussiepayslipgenerator.service.BracketServiceImpl - bracketType : Bracket4
DEBUG main com.sarm.aussiepayslipgenerator.service.BracketServiceImpl - 80001
DEBUG main com.sarm.aussiepayslipgenerator.service.BracketServiceImpl - 180000
DEBUG main com.sarm.aussiepayslipgenerator.service.BracketServiceImpl - 17547
DEBUG main com.sarm.aussiepayslipgenerator.service.BracketServiceImpl - 37
DEBUG main com.sarm.aussiepayslipgenerator.service.BracketServiceImpl - 80000
DEBUG main com.sarm.aussiepayslipgenerator.service.PaySlipServiceImpl -  rounding off value as float to Int 13790
DEBUG main com.sarm.aussiepayslipgenerator.service.PaySlipServiceImpl - annual salary  165482 divided by 12 13790.166666666666and then rounded off  13790
DEBUG main com.sarm.aussiepayslipgenerator.service.PaySlipServiceImpl -  rounding off value as float to Int 13790
DEBUG main com.sarm.aussiepayslipgenerator.service.PaySlipServiceImpl - annualSalary - bracket.getOver()   85482
DEBUG main com.sarm.aussiepayslipgenerator.service.PaySlipServiceImpl - bracketIncomeTax   31628.34
DEBUG main com.sarm.aussiepayslipgenerator.service.PaySlipServiceImpl -  bracket.getFlat()+bracketIncomeTax   49175.34
DEBUG main com.sarm.aussiepayslipgenerator.service.PaySlipServiceImpl -  Yearly income tax   49175.34
DEBUG main com.sarm.aussiepayslipgenerator.service.PaySlipServiceImpl - Montly income tax   4097.945
DEBUG main com.sarm.aussiepayslipgenerator.service.PaySlipServiceImpl -  rounding off value as float to Int 4098
DEBUG main com.sarm.aussiepayslipgenerator.service.PaySlipServiceImpl - rounding off 4098
DEBUG main com.sarm.aussiepayslipgenerator.service.PaySlipServiceImpl -  rounding off value as float to Int 4098
DEBUG main com.sarm.aussiepayslipgenerator.service.PaySlipServiceImpl -  rounding off value as float to Int 1379
DEBUG main com.sarm.aussiepayslipgenerator.service.PaySlipServiceImpl - Super 1379
DEBUG main com.sarm.aussiepayslipgenerator.service.PaySlipServiceImpl -  rounding off value as float to Int 1379
DEBUG main com.sarm.aussiepayslipgenerator.service.PaySlipServiceImpl -  rounding off value as float to Int 6538
DEBUG main com.sarm.aussiepayslipgenerator.service.PaySlipServiceImpl - annual salary  78451 divided by 12 6537.583333333333and then rounded off  6538
DEBUG main com.sarm.aussiepayslipgenerator.service.PaySlipServiceImpl -  rounding off value as float to Int 6538
DEBUG main com.sarm.aussiepayslipgenerator.service.BracketServiceImpl - bracketType : Bracket3
DEBUG main com.sarm.aussiepayslipgenerator.service.BracketServiceImpl - 37001
DEBUG main com.sarm.aussiepayslipgenerator.service.BracketServiceImpl - 80000
DEBUG main com.sarm.aussiepayslipgenerator.service.BracketServiceImpl - 3572
DEBUG main com.sarm.aussiepayslipgenerator.service.BracketServiceImpl - 32.5
DEBUG main com.sarm.aussiepayslipgenerator.service.BracketServiceImpl - 37000
DEBUG main com.sarm.aussiepayslipgenerator.service.PaySlipServiceImpl - annualSalary - bracket.getOver()   37589
DEBUG main com.sarm.aussiepayslipgenerator.service.PaySlipServiceImpl - bracketIncomeTax   12216.425000000001
DEBUG main com.sarm.aussiepayslipgenerator.service.PaySlipServiceImpl -  bracket.getFlat()+bracketIncomeTax   15788.425000000001
DEBUG main com.sarm.aussiepayslipgenerator.service.PaySlipServiceImpl -  Yearly income tax   15788.425000000001
DEBUG main com.sarm.aussiepayslipgenerator.service.PaySlipServiceImpl - Montly income tax   1315.7020833333333
DEBUG main com.sarm.aussiepayslipgenerator.service.PaySlipServiceImpl -  rounding off value as float to Int 1316
DEBUG main com.sarm.aussiepayslipgenerator.service.PaySlipServiceImpl - rounding off 1316
DEBUG main com.sarm.aussiepayslipgenerator.service.PaySlipServiceImpl -  rounding off value as float to Int 1316
DEBUG main com.sarm.aussiepayslipgenerator.service.PaySlipServiceImpl -  rounding off value as float to Int 8663
DEBUG main com.sarm.aussiepayslipgenerator.service.PaySlipServiceImpl - Super 8663
DEBUG main com.sarm.aussiepayslipgenerator.service.PaySlipServiceImpl -  rounding off value as float to Int 8663
DEBUG main com.sarm.aussiepayslipgenerator.service.PaySlipServiceImpl -  rounding off value as float to Int 453
DEBUG main com.sarm.aussiepayslipgenerator.view.PaySlipController - employeeInfo is not Null
DEBUG main com.sarm.aussiepayslipgenerator.view.PaySlipController - bracket type is   Bracket3
ERROR main com.sarm.aussiepayslipgenerator.view.PaySlipController - paySlip is  not Null
